#
# There is insufficient memory for the Java Runtime Environment to continue.
# Native memory allocation (malloc) failed to allocate 828272 bytes for Chunk::new
# Possible reasons:
#   The system is out of physical RAM or swap space
#   The process is running with CompressedOops enabled, and the Java Heap may be blocking the growth of the native heap
# Possible solutions:
#   Reduce memory load on the system
#   Increase physical memory or swap space
#   Check if swap backing store is full
#   Decrease Java heap size (-Xmx/-Xms)
#   Decrease number of Java threads
#   Decrease Java thread stack sizes (-Xss)
#   Set larger code cache with -XX:ReservedCodeCacheSize=
#   JVM is running with Unscaled Compressed Oops mode in which the Java heap is
#     placed in the first 4GB address space. The Java Heap base address is the
#     maximum limit for the native heap growth. Please use -XX:HeapBaseMinAddress
#     to set the Java Heap base and to place the Java Heap above 4GB virtual address.
# This output file may be truncated or incomplete.
#
#  Out of Memory Error (arena.cpp:166), pid=6396, tid=6204
#
# JRE version: Java(TM) SE Runtime Environment (21.0+35) (build 21+35-LTS-2513)
# Java VM: Java HotSpot(TM) 64-Bit Server VM (21+35-LTS-2513, mixed mode, sharing, tiered, compressed oops, compressed class ptrs, g1 gc, windows-amd64)
# No core dump will be written. Minidumps are not enabled by default on client versions of Windows
#

---------------  S U M M A R Y ------------

Command Line: -javaagent:C:\Program Files\JetBrains\IntelliJ IDEA Community Edition 2023.2.5\lib\idea_rt.jar=58394:C:\Program Files\JetBrains\IntelliJ IDEA Community Edition 2023.2.5\bin -Dfile.encoding=UTF-8 -Dsun.stdout.encoding=UTF-8 -Dsun.stderr.encoding=UTF-8 ru.kissass.ToDoListProject.ToDoListProjectApplication

Host: Intel(R) Core(TM) i3-10110U CPU @ 2.10GHz, 4 cores, 7G,  Windows 10 , 64 bit Build 19041 (10.0.19041.5072)
Time: Thu Dec  5 20:53:36 2024 RTZ 4 (s 10 , 64 bit Build 19041 (10.0.19041.5072) elapsed time: 14.338500 seconds (0d 0h 0m 14s)

---------------  T H R E A D  ---------------

Current thread (0x0000022459bef530):  JavaThread "C2 CompilerThread0" daemon [_thread_in_native, id=6204, stack(0x000000b6e4200000,0x000000b6e4300000) (1024K)]


Current CompileTask:
C2:  14338 8183 %     4       com.sun.marlin.Renderer::_endRendering @ 787 (2639 bytes)

Stack: [0x000000b6e4200000,0x000000b6e4300000]
Native frames: (J=compiled Java code, j=interpreted, Vv=VM code, C=native code)
V  [jvm.dll+0x6c8d39]
V  [jvm.dll+0x854091]
V  [jvm.dll+0x85630e]
V  [jvm.dll+0x8569e3]
V  [jvm.dll+0x2809a6]
V  [jvm.dll+0xc3e6d]
V  [jvm.dll+0xc4383]
V  [jvm.dll+0x3b551c]
V  [jvm.dll+0x1e1db3]
V  [jvm.dll+0x249952]
V  [jvm.dll+0x248de1]
V  [jvm.dll+0x1c9b91]
V  [jvm.dll+0x2583e9]
V  [jvm.dll+0x2569ca]
V  [jvm.dll+0x3eef66]
V  [jvm.dll+0x7fd2c8]
V  [jvm.dll+0x6c748d]
C  [ucrtbase.dll+0x21bb2]
C  [KERNEL32.DLL+0x17374]
C  [ntdll.dll+0x4cc91]


---------------  P R O C E S S  ---------------

Threads class SMR info:
_java_thread_list=0x00000224a627a880, length=45, elements={
0x000002243db69680, 0x0000022459bdcb30, 0x0000022459bddb00, 0x0000022459be64a0,
0x0000022459be7710, 0x0000022459be8320, 0x0000022459be90e0, 0x0000022459bef530,
0x0000022459bf0990, 0x000002249f064d60, 0x000002249f2ec010, 0x000002249f2ec680,
0x00000224a3369750, 0x00000224a0c7cfd0, 0x00000224a2d58910, 0x000002249f7d0480,
0x00000224a02923a0, 0x00000224a07426a0, 0x00000224a0745490, 0x00000224a0745b20,
0x00000224a0742d30, 0x00000224a5d58400, 0x00000224a5d54f80, 0x00000224a5d58a90,
0x00000224a5d548f0, 0x00000224a5d55ca0, 0x00000224a5d59e40, 0x00000224a5d55610,
0x00000224a5d56330, 0x00000224a5d569c0, 0x00000224a5d52eb0, 0x00000224a5d59120,
0x00000224a5d597b0, 0x00000224a5d5a4d0, 0x00000224a5d53540, 0x00000224a5d57050,
0x00000224a5d57d70, 0x00000224a5d53bd0, 0x00000224a5d54260, 0x00000224a07433c0,
0x00000224a3ebf5b0, 0x00000224a3eba6f0, 0x00000224a3ebe200, 0x00000224a3ebe890,
0x00000224a3ebbaa0
}

Java Threads: ( => current thread )
  0x000002243db69680 JavaThread "main"                              [_thread_blocked, id=11188, stack(0x000000b6e3400000,0x000000b6e3500000) (1024K)]
  0x0000022459bdcb30 JavaThread "Reference Handler"          daemon [_thread_blocked, id=21580, stack(0x000000b6e3c00000,0x000000b6e3d00000) (1024K)]
  0x0000022459bddb00 JavaThread "Finalizer"                  daemon [_thread_blocked, id=19048, stack(0x000000b6e3d00000,0x000000b6e3e00000) (1024K)]
  0x0000022459be64a0 JavaThread "Signal Dispatcher"          daemon [_thread_blocked, id=3908, stack(0x000000b6e3e00000,0x000000b6e3f00000) (1024K)]
  0x0000022459be7710 JavaThread "Attach Listener"            daemon [_thread_blocked, id=21200, stack(0x000000b6e3f00000,0x000000b6e4000000) (1024K)]
  0x0000022459be8320 JavaThread "Service Thread"             daemon [_thread_blocked, id=11568, stack(0x000000b6e4000000,0x000000b6e4100000) (1024K)]
  0x0000022459be90e0 JavaThread "Monitor Deflation Thread"   daemon [_thread_blocked, id=18168, stack(0x000000b6e4100000,0x000000b6e4200000) (1024K)]
=>0x0000022459bef530 JavaThread "C2 CompilerThread0"         daemon [_thread_in_native, id=6204, stack(0x000000b6e4200000,0x000000b6e4300000) (1024K)]
  0x0000022459bf0990 JavaThread "C1 CompilerThread0"         daemon [_thread_blocked, id=18112, stack(0x000000b6e4300000,0x000000b6e4400000) (1024K)]
  0x000002249f064d60 JavaThread "Common-Cleaner"             daemon [_thread_blocked, id=16520, stack(0x000000b6e4400000,0x000000b6e4500000) (1024K)]
  0x000002249f2ec010 JavaThread "Monitor Ctrl-Break"         daemon [_thread_in_native, id=10944, stack(0x000000b6e4500000,0x000000b6e4600000) (1024K)]
  0x000002249f2ec680 JavaThread "Notification Thread"        daemon [_thread_blocked, id=3492, stack(0x000000b6e4600000,0x000000b6e4700000) (1024K)]
  0x00000224a3369750 JavaThread "Catalina-utility-1"                [_thread_blocked, id=16032, stack(0x000000b6e4b00000,0x000000b6e4c00000) (1024K)]
  0x00000224a0c7cfd0 JavaThread "Catalina-utility-2"                [_thread_blocked, id=12048, stack(0x000000b6e4c00000,0x000000b6e4d00000) (1024K)]
  0x00000224a2d58910 JavaThread "container-0"                       [_thread_blocked, id=10620, stack(0x000000b6e4d00000,0x000000b6e4e00000) (1024K)]
  0x000002249f7d0480 JavaThread "PostgreSQL-JDBC-Cleaner"    daemon [_thread_blocked, id=1440, stack(0x000000b6e4f00000,0x000000b6e5000000) (1024K)]
  0x00000224a02923a0 JavaThread "HikariPool-1 housekeeper"   daemon [_thread_blocked, id=21440, stack(0x000000b6e5000000,0x000000b6e5100000) (1024K)]
  0x00000224a07426a0 JavaThread "http-nio-8080-exec-1"       daemon [_thread_blocked, id=21660, stack(0x000000b6e5200000,0x000000b6e5300000) (1024K)]
  0x00000224a0745490 JavaThread "http-nio-8080-exec-2"       daemon [_thread_blocked, id=20268, stack(0x000000b6e5300000,0x000000b6e5400000) (1024K)]
  0x00000224a0745b20 JavaThread "http-nio-8080-exec-3"       daemon [_thread_blocked, id=9452, stack(0x000000b6e5400000,0x000000b6e5500000) (1024K)]
  0x00000224a0742d30 JavaThread "http-nio-8080-exec-4"       daemon [_thread_blocked, id=13036, stack(0x000000b6e5500000,0x000000b6e5600000) (1024K)]
  0x00000224a5d58400 JavaThread "http-nio-8080-exec-5"       daemon [_thread_blocked, id=21492, stack(0x000000b6e5600000,0x000000b6e5700000) (1024K)]
  0x00000224a5d54f80 JavaThread "http-nio-8080-exec-6"       daemon [_thread_blocked, id=2028, stack(0x000000b6e5700000,0x000000b6e5800000) (1024K)]
  0x00000224a5d58a90 JavaThread "http-nio-8080-exec-7"       daemon [_thread_blocked, id=11488, stack(0x000000b6e5800000,0x000000b6e5900000) (1024K)]
  0x00000224a5d548f0 JavaThread "http-nio-8080-exec-8"       daemon [_thread_blocked, id=15324, stack(0x000000b6e5900000,0x000000b6e5a00000) (1024K)]
  0x00000224a5d55ca0 JavaThread "http-nio-8080-exec-9"       daemon [_thread_blocked, id=16656, stack(0x000000b6e5a00000,0x000000b6e5b00000) (1024K)]
  0x00000224a5d59e40 JavaThread "http-nio-8080-exec-10"      daemon [_thread_blocked, id=15632, stack(0x000000b6e5b00000,0x000000b6e5c00000) (1024K)]
  0x00000224a5d55610 JavaThread "http-nio-8080-Poller"       daemon [_thread_in_native, id=16136, stack(0x000000b6e5c00000,0x000000b6e5d00000) (1024K)]
  0x00000224a5d56330 JavaThread "http-nio-8080-Acceptor"     daemon [_thread_in_native, id=5896, stack(0x000000b6e5d00000,0x000000b6e5e00000) (1024K)]
  0x00000224a5d569c0 JavaThread "JavaFX-Launcher"                   [_thread_blocked, id=20064, stack(0x000000b6e5e00000,0x000000b6e5f00000) (1024K)]
  0x00000224a5d52eb0 JavaThread "QuantumRenderer-0"          daemon [_thread_blocked, id=4748, stack(0x000000b6e5f00000,0x000000b6e6000000) (1024K)]
  0x00000224a5d59120 JavaThread "InvokeLaterDispatcher"      daemon [_thread_blocked, id=17688, stack(0x000000b6e6000000,0x000000b6e6100000) (1024K)]
  0x00000224a5d597b0 JavaThread "JavaFX Application Thread"         [_thread_in_native, id=9460, stack(0x000000b6e6100000,0x000000b6e6200000) (1024K)]
  0x00000224a5d5a4d0 JavaThread "Thread-3"                   daemon [_thread_in_native, id=11232, stack(0x000000b6e6500000,0x000000b6e6600000) (1024K)]
  0x00000224a5d53540 JavaThread "Prism Font Disposer"        daemon [_thread_blocked, id=13728, stack(0x000000b6e4700000,0x000000b6e4800000) (1024K)]
  0x00000224a5d57050 JavaThread "Disposer"                   daemon [_thread_blocked, id=20972, stack(0x000000b6e6700000,0x000000b6e6800000) (1024K)]
  0x00000224a5d57d70 JavaThread "HttpClient-1-SelectorManager" daemon [_thread_in_native, id=7924, stack(0x000000b6e5100000,0x000000b6e5200000) (1024K)]
  0x00000224a5d53bd0 JavaThread "HttpClient-1-Worker-0"      daemon [_thread_blocked, id=9848, stack(0x000000b6e6800000,0x000000b6e6900000) (1024K)]
  0x00000224a5d54260 JavaThread "HttpClient-1-Worker-1"      daemon [_thread_blocked, id=11580, stack(0x000000b6e6900000,0x000000b6e6a00000) (1024K)]
  0x00000224a07433c0 JavaThread "HttpClient-1-Worker-2"      daemon [_thread_blocked, id=6280, stack(0x000000b6e6a00000,0x000000b6e6b00000) (1024K)]
  0x00000224a3ebf5b0 JavaThread "ForkJoinPool.commonPool-worker-1" daemon [_thread_blocked, id=8552, stack(0x000000b6e6e00000,0x000000b6e6f00000) (1024K)]
  0x00000224a3eba6f0 JavaThread "Thread-5"                   daemon [_thread_in_native, id=6704, stack(0x000000b6e7400000,0x000000b6e7500000) (1024K)]
  0x00000224a3ebe200 JavaThread "HttpClient-1-Worker-3"      daemon [_thread_blocked, id=10252, stack(0x000000b6e7500000,0x000000b6e7600000) (1024K)]
  0x00000224a3ebe890 JavaThread "ForkJoinPool.commonPool-worker-2" daemon [_thread_blocked, id=8312, stack(0x000000b6e7600000,0x000000b6e7700000) (1024K)]
  0x00000224a3ebbaa0 JavaThread "Cleaner-0"                  daemon [_thread_blocked, id=19912, stack(0x000000b6e7700000,0x000000b6e7800000) (1024K)]
Total: 45

Other Threads:
  0x0000022459bb8890 VMThread "VM Thread"                           [id=13972, stack(0x000000b6e3b00000,0x000000b6e3c00000) (1024K)]
  0x0000022459ba2c10 WatcherThread "VM Periodic Task Thread"        [id=21260, stack(0x000000b6e3a00000,0x000000b6e3b00000) (1024K)]
  0x000002243dbc0210 WorkerThread "GC Thread#0"                     [id=7264, stack(0x000000b6e3500000,0x000000b6e3600000) (1024K)]
  0x000002249faa47a0 WorkerThread "GC Thread#1"                     [id=7040, stack(0x000000b6e4800000,0x000000b6e4900000) (1024K)]
  0x000002249f850050 WorkerThread "GC Thread#2"                     [id=10212, stack(0x000000b6e4900000,0x000000b6e4a00000) (1024K)]
  0x000002249f8683d0 WorkerThread "GC Thread#3"                     [id=21764, stack(0x000000b6e4a00000,0x000000b6e4b00000) (1024K)]
  0x000002243dbd2dd0 ConcurrentGCThread "G1 Main Marker"            [id=10092, stack(0x000000b6e3600000,0x000000b6e3700000) (1024K)]
  0x000002243dbd3f80 WorkerThread "G1 Conc#0"                       [id=18388, stack(0x000000b6e3700000,0x000000b6e3800000) (1024K)]
  0x0000022459a770e0 ConcurrentGCThread "G1 Refine#0"               [id=22008, stack(0x000000b6e3800000,0x000000b6e3900000) (1024K)]
  0x0000022459a77c10 ConcurrentGCThread "G1 Service"                [id=21044, stack(0x000000b6e3900000,0x000000b6e3a00000) (1024K)]
Total: 10

Threads with active compile tasks:
C2 CompilerThread0    14367 8183 %     4       com.sun.marlin.Renderer::_endRendering @ 787 (2639 bytes)
Total: 1

VM state: not at safepoint (normal execution)

VM Mutex/Monitor currently owned by a thread: None

Heap address: 0x0000000082800000, size: 2008 MB, Compressed Oops mode: 32-bit

CDS archive(s) mapped at: [0x000002245a000000-0x000002245ac90000-0x000002245ac90000), size 13172736, SharedBaseAddress: 0x000002245a000000, ArchiveRelocationMode: 1.
Compressed class space mapped at: 0x000002245b000000-0x000002249b000000, reserved size: 1073741824
Narrow klass base: 0x000002245a000000, Narrow klass shift: 0, Narrow klass range: 0x100000000

GC Precious Log:
 CardTable entry size: 512
 Card Set container configuration: InlinePtr #cards 5 size 8 Array Of Cards #cards 12 size 40 Howl #buckets 4 coarsen threshold 1843 Howl Bitmap #cards 512 size 80 coarsen threshold 460 Card regions per heap region 1 cards per card region 2048
 CPUs: 4 total, 4 available
 Memory: 8025M
 Large Page Support: Disabled
 NUMA Support: Disabled
 Compressed Oops: Enabled (32-bit)
 Heap Region Size: 1M
 Heap Min Capacity: 8M
 Heap Initial Capacity: 126M
 Heap Max Capacity: 2008M
 Pre-touch: Disabled
 Parallel Workers: 4
 Concurrent Workers: 1
 Concurrent Refinement Workers: 4
 Periodic GC: Disabled

Heap:
 garbage-first heap   total 91136K, used 54003K [0x0000000082800000, 0x0000000100000000)
  region size 1024K, 11 young (11264K), 4 survivors (4096K)
 Metaspace       used 94551K, committed 95552K, reserved 1179648K
  class space    used 13172K, committed 13632K, reserved 1048576K

Heap Regions: E=young(eden), S=young(survivor), O=old, HS=humongous(starts), HC=humongous(continues), CS=collection set, F=free, TAMS=top-at-mark-start, PB=parsable bottom
|   0|0x0000000082800000, 0x0000000082900000, 0x0000000082900000|100%|HS|  |TAMS 0x0000000082800000| PB 0x0000000082800000| Complete 
|   1|0x0000000082900000, 0x0000000082a00000, 0x0000000082a00000|100%|HS|  |TAMS 0x0000000082900000| PB 0x0000000082900000| Complete 
|   2|0x0000000082a00000, 0x0000000082b00000, 0x0000000082b00000|100%| O|  |TAMS 0x0000000082a00000| PB 0x0000000082a00000| Untracked 
|   3|0x0000000082b00000, 0x0000000082c00000, 0x0000000082c00000|100%| O|  |TAMS 0x0000000082b00000| PB 0x0000000082b00000| Untracked 
|   4|0x0000000082c00000, 0x0000000082d00000, 0x0000000082d00000|100%| O|  |TAMS 0x0000000082c00000| PB 0x0000000082c00000| Untracked 
|   5|0x0000000082d00000, 0x0000000082e00000, 0x0000000082e00000|100%| O|  |TAMS 0x0000000082d00000| PB 0x0000000082d00000| Untracked 
|   6|0x0000000082e00000, 0x0000000082f00000, 0x0000000082f00000|100%| O|  |TAMS 0x0000000082e00000| PB 0x0000000082e00000| Untracked 
|   7|0x0000000082f00000, 0x0000000083000000, 0x0000000083000000|100%| O|  |TAMS 0x0000000082f00000| PB 0x0000000082f00000| Untracked 
|   8|0x0000000083000000, 0x0000000083100000, 0x0000000083100000|100%| O|  |TAMS 0x0000000083000000| PB 0x0000000083000000| Untracked 
|   9|0x0000000083100000, 0x0000000083200000, 0x0000000083200000|100%| O|  |TAMS 0x0000000083100000| PB 0x0000000083100000| Untracked 
|  10|0x0000000083200000, 0x0000000083300000, 0x0000000083300000|100%| O|  |TAMS 0x0000000083200000| PB 0x0000000083200000| Untracked 
|  11|0x0000000083300000, 0x0000000083400000, 0x0000000083400000|100%| O|  |TAMS 0x0000000083300000| PB 0x0000000083300000| Untracked 
|  12|0x0000000083400000, 0x0000000083500000, 0x0000000083500000|100%| O|  |TAMS 0x0000000083400000| PB 0x0000000083400000| Untracked 
|  13|0x0000000083500000, 0x0000000083600000, 0x0000000083600000|100%| O|  |TAMS 0x0000000083500000| PB 0x0000000083500000| Untracked 
|  14|0x0000000083600000, 0x0000000083700000, 0x0000000083700000|100%| O|  |TAMS 0x0000000083600000| PB 0x0000000083600000| Untracked 
|  15|0x0000000083700000, 0x0000000083800000, 0x0000000083800000|100%| O|  |TAMS 0x0000000083700000| PB 0x0000000083700000| Untracked 
|  16|0x0000000083800000, 0x0000000083900000, 0x0000000083900000|100%| O|  |TAMS 0x0000000083800000| PB 0x0000000083800000| Untracked 
|  17|0x0000000083900000, 0x0000000083a00000, 0x0000000083a00000|100%| O|  |TAMS 0x0000000083900000| PB 0x0000000083900000| Untracked 
|  18|0x0000000083a00000, 0x0000000083b00000, 0x0000000083b00000|100%| O|  |TAMS 0x0000000083a00000| PB 0x0000000083a00000| Untracked 
|  19|0x0000000083b00000, 0x0000000083c00000, 0x0000000083c00000|100%| O|  |TAMS 0x0000000083b00000| PB 0x0000000083b00000| Untracked 
|  20|0x0000000083c00000, 0x0000000083d00000, 0x0000000083d00000|100%| O|  |TAMS 0x0000000083c00000| PB 0x0000000083c00000| Untracked 
|  21|0x0000000083d00000, 0x0000000083e00000, 0x0000000083e00000|100%| O|  |TAMS 0x0000000083d00000| PB 0x0000000083d00000| Untracked 
|  22|0x0000000083e00000, 0x0000000083f00000, 0x0000000083f00000|100%| O|  |TAMS 0x0000000083e00000| PB 0x0000000083e00000| Untracked 
|  23|0x0000000083f00000, 0x0000000084000000, 0x0000000084000000|100%| O|  |TAMS 0x0000000083f00000| PB 0x0000000083f00000| Untracked 
|  24|0x0000000084000000, 0x0000000084100000, 0x0000000084100000|100%| O|  |TAMS 0x0000000084000000| PB 0x0000000084000000| Untracked 
|  25|0x0000000084100000, 0x0000000084200000, 0x0000000084200000|100%| O|  |TAMS 0x0000000084100000| PB 0x0000000084100000| Untracked 
|  26|0x0000000084200000, 0x0000000084300000, 0x0000000084300000|100%| O|  |TAMS 0x0000000084200000| PB 0x0000000084200000| Untracked 
|  27|0x0000000084300000, 0x0000000084400000, 0x0000000084400000|100%| O|  |TAMS 0x0000000084300000| PB 0x0000000084300000| Untracked 
|  28|0x0000000084400000, 0x0000000084500000, 0x0000000084500000|100%| O|  |TAMS 0x0000000084400000| PB 0x0000000084400000| Untracked 
|  29|0x0000000084500000, 0x0000000084600000, 0x0000000084600000|100%| O|  |TAMS 0x0000000084500000| PB 0x0000000084500000| Untracked 
|  30|0x0000000084600000, 0x0000000084700000, 0x0000000084700000|100%| O|  |TAMS 0x0000000084600000| PB 0x0000000084600000| Untracked 
|  31|0x0000000084700000, 0x0000000084800000, 0x0000000084800000|100%| O|  |TAMS 0x0000000084700000| PB 0x0000000084700000| Untracked 
|  32|0x0000000084800000, 0x0000000084900000, 0x0000000084900000|100%| O|  |TAMS 0x0000000084800000| PB 0x0000000084800000| Untracked 
|  33|0x0000000084900000, 0x0000000084a00000, 0x0000000084a00000|100%| O|  |TAMS 0x0000000084900000| PB 0x0000000084900000| Untracked 
|  34|0x0000000084a00000, 0x0000000084b00000, 0x0000000084b00000|100%| O|  |TAMS 0x0000000084a00000| PB 0x0000000084a00000| Untracked 
|  35|0x0000000084b00000, 0x0000000084c00000, 0x0000000084c00000|100%|HS|  |TAMS 0x0000000084b00000| PB 0x0000000084b00000| Complete 
|  36|0x0000000084c00000, 0x0000000084d00000, 0x0000000084d00000|100%|HC|  |TAMS 0x0000000084c00000| PB 0x0000000084c00000| Complete 
|  37|0x0000000084d00000, 0x0000000084e00000, 0x0000000084e00000|100%| O|  |TAMS 0x0000000084d00000| PB 0x0000000084d00000| Untracked 
|  38|0x0000000084e00000, 0x0000000084f00000, 0x0000000084f00000|100%| O|  |TAMS 0x0000000084e00000| PB 0x0000000084e00000| Untracked 
|  39|0x0000000084f00000, 0x0000000085000000, 0x0000000085000000|100%| O|  |TAMS 0x0000000084f00000| PB 0x0000000084f00000| Untracked 
|  40|0x0000000085000000, 0x0000000085100000, 0x0000000085100000|100%| O|  |TAMS 0x0000000085000000| PB 0x0000000085000000| Untracked 
|  41|0x0000000085100000, 0x0000000085200000, 0x0000000085200000|100%| O|  |TAMS 0x0000000085100000| PB 0x0000000085100000| Untracked 
|  42|0x0000000085200000, 0x0000000085300000, 0x0000000085300000|100%| O|  |TAMS 0x0000000085200000| PB 0x0000000085200000| Untracked 
|  43|0x0000000085300000, 0x0000000085400000, 0x0000000085400000|100%| O|  |TAMS 0x0000000085300000| PB 0x0000000085300000| Untracked 
|  44|0x0000000085400000, 0x0000000085421d48, 0x0000000085500000| 13%| O|  |TAMS 0x0000000085400000| PB 0x0000000085400000| Untracked 
|  45|0x0000000085500000, 0x000000008559b1b8, 0x0000000085600000| 60%| S|CS|TAMS 0x0000000085500000| PB 0x0000000085500000| Complete 
|  46|0x0000000085600000, 0x0000000085700000, 0x0000000085700000|100%| S|CS|TAMS 0x0000000085600000| PB 0x0000000085600000| Complete 
|  47|0x0000000085700000, 0x0000000085800000, 0x0000000085800000|100%| S|CS|TAMS 0x0000000085700000| PB 0x0000000085700000| Complete 
|  48|0x0000000085800000, 0x0000000085900000, 0x0000000085900000|100%| S|CS|TAMS 0x0000000085800000| PB 0x0000000085800000| Complete 
|  49|0x0000000085900000, 0x0000000085900000, 0x0000000085a00000|  0%| F|  |TAMS 0x0000000085900000| PB 0x0000000085900000| Untracked 
|  50|0x0000000085a00000, 0x0000000085a00000, 0x0000000085b00000|  0%| F|  |TAMS 0x0000000085a00000| PB 0x0000000085a00000| Untracked 
|  51|0x0000000085b00000, 0x0000000085b00000, 0x0000000085c00000|  0%| F|  |TAMS 0x0000000085b00000| PB 0x0000000085b00000| Untracked 
|  52|0x0000000085c00000, 0x0000000085c00000, 0x0000000085d00000|  0%| F|  |TAMS 0x0000000085c00000| PB 0x0000000085c00000| Untracked 
|  53|0x0000000085d00000, 0x0000000085d00000, 0x0000000085e00000|  0%| F|  |TAMS 0x0000000085d00000| PB 0x0000000085d00000| Untracked 
|  54|0x0000000085e00000, 0x0000000085e00000, 0x0000000085f00000|  0%| F|  |TAMS 0x0000000085e00000| PB 0x0000000085e00000| Untracked 
|  55|0x0000000085f00000, 0x0000000085f00000, 0x0000000086000000|  0%| F|  |TAMS 0x0000000085f00000| PB 0x0000000085f00000| Untracked 
|  56|0x0000000086000000, 0x0000000086000000, 0x0000000086100000|  0%| F|  |TAMS 0x0000000086000000| PB 0x0000000086000000| Untracked 
|  57|0x0000000086100000, 0x0000000086100000, 0x0000000086200000|  0%| F|  |TAMS 0x0000000086100000| PB 0x0000000086100000| Untracked 
|  58|0x0000000086200000, 0x0000000086200000, 0x0000000086300000|  0%| F|  |TAMS 0x0000000086200000| PB 0x0000000086200000| Untracked 
|  59|0x0000000086300000, 0x0000000086300000, 0x0000000086400000|  0%| F|  |TAMS 0x0000000086300000| PB 0x0000000086300000| Untracked 
|  60|0x0000000086400000, 0x0000000086400000, 0x0000000086500000|  0%| F|  |TAMS 0x0000000086400000| PB 0x0000000086400000| Untracked 
|  61|0x0000000086500000, 0x0000000086500000, 0x0000000086600000|  0%| F|  |TAMS 0x0000000086500000| PB 0x0000000086500000| Untracked 
|  62|0x0000000086600000, 0x0000000086600000, 0x0000000086700000|  0%| F|  |TAMS 0x0000000086600000| PB 0x0000000086600000| Untracked 
|  63|0x0000000086700000, 0x0000000086700000, 0x0000000086800000|  0%| F|  |TAMS 0x0000000086700000| PB 0x0000000086700000| Untracked 
|  64|0x0000000086800000, 0x0000000086800000, 0x0000000086900000|  0%| F|  |TAMS 0x0000000086800000| PB 0x0000000086800000| Untracked 
|  65|0x0000000086900000, 0x0000000086900000, 0x0000000086a00000|  0%| F|  |TAMS 0x0000000086900000| PB 0x0000000086900000| Untracked 
|  66|0x0000000086a00000, 0x0000000086a00000, 0x0000000086b00000|  0%| F|  |TAMS 0x0000000086a00000| PB 0x0000000086a00000| Untracked 
|  67|0x0000000086b00000, 0x0000000086b00000, 0x0000000086c00000|  0%| F|  |TAMS 0x0000000086b00000| PB 0x0000000086b00000| Untracked 
|  68|0x0000000086c00000, 0x0000000086c00000, 0x0000000086d00000|  0%| F|  |TAMS 0x0000000086c00000| PB 0x0000000086c00000| Untracked 
|  69|0x0000000086d00000, 0x0000000086d00000, 0x0000000086e00000|  0%| F|  |TAMS 0x0000000086d00000| PB 0x0000000086d00000| Untracked 
|  70|0x0000000086e00000, 0x0000000086e00000, 0x0000000086f00000|  0%| F|  |TAMS 0x0000000086e00000| PB 0x0000000086e00000| Untracked 
|  71|0x0000000086f00000, 0x0000000086f00000, 0x0000000087000000|  0%| F|  |TAMS 0x0000000086f00000| PB 0x0000000086f00000| Untracked 
|  72|0x0000000087000000, 0x0000000087000000, 0x0000000087100000|  0%| F|  |TAMS 0x0000000087000000| PB 0x0000000087000000| Untracked 
|  73|0x0000000087100000, 0x0000000087100000, 0x0000000087200000|  0%| F|  |TAMS 0x0000000087100000| PB 0x0000000087100000| Untracked 
|  74|0x0000000087200000, 0x0000000087200000, 0x0000000087300000|  0%| F|  |TAMS 0x0000000087200000| PB 0x0000000087200000| Untracked 
|  75|0x0000000087300000, 0x0000000087300000, 0x0000000087400000|  0%| F|  |TAMS 0x0000000087300000| PB 0x0000000087300000| Untracked 
|  76|0x0000000087400000, 0x0000000087400000, 0x0000000087500000|  0%| F|  |TAMS 0x0000000087400000| PB 0x0000000087400000| Untracked 
|  77|0x0000000087500000, 0x0000000087500000, 0x0000000087600000|  0%| F|  |TAMS 0x0000000087500000| PB 0x0000000087500000| Untracked 
|  78|0x0000000087600000, 0x0000000087600000, 0x0000000087700000|  0%| F|  |TAMS 0x0000000087600000| PB 0x0000000087600000| Untracked 
|  79|0x0000000087700000, 0x0000000087700000, 0x0000000087800000|  0%| F|  |TAMS 0x0000000087700000| PB 0x0000000087700000| Untracked 
|  80|0x0000000087800000, 0x0000000087800000, 0x0000000087900000|  0%| F|  |TAMS 0x0000000087800000| PB 0x0000000087800000| Untracked 
|  81|0x0000000087900000, 0x0000000087900000, 0x0000000087a00000|  0%| F|  |TAMS 0x0000000087900000| PB 0x0000000087900000| Untracked 
|  82|0x0000000087a00000, 0x0000000087ad9348, 0x0000000087b00000| 84%| E|  |TAMS 0x0000000087a00000| PB 0x0000000087a00000| Complete 
|  83|0x0000000087b00000, 0x0000000087c00000, 0x0000000087c00000|100%| E|  |TAMS 0x0000000087b00000| PB 0x0000000087b00000| Complete 
|  84|0x0000000087c00000, 0x0000000087d00000, 0x0000000087d00000|100%| E|CS|TAMS 0x0000000087c00000| PB 0x0000000087c00000| Complete 
|  85|0x0000000087d00000, 0x0000000087e00000, 0x0000000087e00000|100%| E|CS|TAMS 0x0000000087d00000| PB 0x0000000087d00000| Complete 
|  86|0x0000000087e00000, 0x0000000087f00000, 0x0000000087f00000|100%| E|CS|TAMS 0x0000000087e00000| PB 0x0000000087e00000| Complete 
|  87|0x0000000087f00000, 0x0000000088000000, 0x0000000088000000|100%| E|CS|TAMS 0x0000000087f00000| PB 0x0000000087f00000| Complete 
|  88|0x0000000088000000, 0x0000000088100000, 0x0000000088100000|100%| E|CS|TAMS 0x0000000088000000| PB 0x0000000088000000| Complete 

Card table byte_map: [0x00000224553b0000,0x00000224557a0000] _byte_map_base: 0x0000022454f9c000

Marking Bits: (CMBitMap*) 0x000002243dbc1830
 Bits: [0x00000224557a0000, 0x0000022457700000)

Polling page: 0x000002243ba00000

Metaspace:

Usage:
  Non-class:     79.47 MB used.
      Class:     12.86 MB used.
       Both:     92.34 MB used.

Virtual space:
  Non-class space:      128.00 MB reserved,      80.00 MB ( 62%) committed,  2 nodes.
      Class space:        1.00 GB reserved,      13.31 MB (  1%) committed,  1 nodes.
             Both:        1.12 GB reserved,      93.31 MB (  8%) committed. 

Chunk freelists:
   Non-Class:  0 bytes
       Class:  2.59 MB
        Both:  2.59 MB

MaxMetaspaceSize: unlimited
CompressedClassSpaceSize: 1.00 GB
Initial GC threshold: 21.00 MB
Current GC threshold: 130.88 MB
CDS: on
 - commit_granule_bytes: 65536.
 - commit_granule_words: 8192.
 - virtual_space_node_default_size: 8388608.
 - enlarge_chunks_in_place: 1.
 - use_allocation_guard: 0.


Internal statistics:

num_allocs_failed_limit: 12.
num_arena_births: 1620.
num_arena_deaths: 0.
num_vsnodes_births: 3.
num_vsnodes_deaths: 0.
num_space_committed: 1493.
num_space_uncommitted: 0.
num_chunks_returned_to_freelist: 12.
num_chunks_taken_from_freelist: 5085.
num_chunk_merges: 12.
num_chunk_splits: 3612.
num_chunks_enlarged: 2698.
num_inconsistent_stats: 0.

CodeHeap 'non-profiled nmethods': size=120000Kb used=4926Kb max_used=4926Kb free=115073Kb
 bounds [0x000002244da90000, 0x000002244df60000, 0x0000022454fc0000]
CodeHeap 'profiled nmethods': size=120000Kb used=13547Kb max_used=13547Kb free=106452Kb
 bounds [0x0000022445fc0000, 0x0000022446d00000, 0x000002244d4f0000]
CodeHeap 'non-nmethods': size=5760Kb used=2230Kb max_used=2248Kb free=3530Kb
 bounds [0x000002244d4f0000, 0x000002244d760000, 0x000002244da90000]
 total_blobs=8402 nmethods=7253 adapters=1052
 compilation: enabled
              stopped_count=0, restarted_count=0
 full_count=0

Compilation events (20 events):
Event: 14.303 Thread 0x0000022459bf0990 8215       3       java.io.Writer::write (11 bytes)
Event: 14.303 Thread 0x0000022459bf0990 nmethod 8215 0x0000022446cf5a90 code [0x0000022446cf5c60, 0x0000022446cf5f40]
Event: 14.303 Thread 0x0000022459bf0990 8216   !   3       java.io.BufferedWriter::write (82 bytes)
Event: 14.304 Thread 0x0000022459bf0990 nmethod 8216 0x0000022446cf6090 code [0x0000022446cf6340, 0x0000022446cf7200]
Event: 14.304 Thread 0x0000022459bf0990 8217       3       java.lang.StackTraceElement::length (13 bytes)
Event: 14.304 Thread 0x0000022459bf0990 nmethod 8217 0x0000022446cf7710 code [0x0000022446cf78c0, 0x0000022446cf7b20]
Event: 14.304 Thread 0x0000022459bf0990 8218       3       java.io.BufferedOutputStream::flushBuffer (29 bytes)
Event: 14.304 Thread 0x0000022459bf0990 nmethod 8218 0x0000022446cf7c10 code [0x0000022446cf7dc0, 0x0000022446cf7ff8]
Event: 14.304 Thread 0x0000022459bf0990 8219       3       java.util.concurrent.locks.AbstractQueuedSynchronizer$Node::getAndUnsetStatus (14 bytes)
Event: 14.304 Thread 0x0000022459bf0990 nmethod 8219 0x0000022446cf8110 code [0x0000022446cf82e0, 0x0000022446cf85a0]
Event: 14.304 Thread 0x0000022459bf0990 8220       3       jdk.internal.misc.Unsafe::getAndBitwiseAndInt (27 bytes)
Event: 14.304 Thread 0x0000022459bf0990 nmethod 8220 0x0000022446cf8690 code [0x0000022446cf8840, 0x0000022446cf8a80]
Event: 14.304 Thread 0x0000022459bf0990 8221       3       java.util.concurrent.atomic.AtomicBoolean::set (14 bytes)
Event: 14.305 Thread 0x0000022459bf0990 nmethod 8221 0x0000022446cf8b90 code [0x0000022446cf8d20, 0x0000022446cf8e90]
Event: 14.329 Thread 0x0000022459bf0990 8222       3       com.sun.javafx.tk.Toolkit::runPulse (26 bytes)
Event: 14.329 Thread 0x0000022459bf0990 nmethod 8222 0x0000022446cf8f10 code [0x0000022446cf91a0, 0x0000022446cf9c10]
Event: 14.329 Thread 0x0000022459bf0990 8224       3       java.util.concurrent.LinkedBlockingDeque::unlinkFirst (74 bytes)
Event: 14.330 Thread 0x0000022459bf0990 nmethod 8224 0x0000022446cfa010 code [0x0000022446cfa220, 0x0000022446cfa870]
Event: 14.330 Thread 0x0000022459bf0990 8223       3       com.sun.javafx.tk.Toolkit$$Lambda/0x000002245bbe3aa0::<init> (10 bytes)
Event: 14.330 Thread 0x0000022459bf0990 nmethod 8223 0x0000022446cfaa90 code [0x0000022446cfac40, 0x0000022446cfadf8]

GC Heap History (20 events):
Event: 5.465 GC heap before
{Heap before GC invocations=7 (full 0):
 garbage-first heap   total 58368K, used 43520K [0x0000000082800000, 0x0000000100000000)
  region size 1024K, 28 young (28672K), 4 survivors (4096K)
 Metaspace       used 35460K, committed 35968K, reserved 1114112K
  class space    used 4448K, committed 4672K, reserved 1048576K
}
Event: 5.472 GC heap after
{Heap after GC invocations=8 (full 0):
 garbage-first heap   total 70656K, used 23239K [0x0000000082800000, 0x0000000100000000)
  region size 1024K, 2 young (2048K), 2 survivors (2048K)
 Metaspace       used 35460K, committed 35968K, reserved 1114112K
  class space    used 4448K, committed 4672K, reserved 1048576K
}
Event: 6.708 GC heap before
{Heap before GC invocations=9 (full 0):
 garbage-first heap   total 70656K, used 58055K [0x0000000082800000, 0x0000000100000000)
  region size 1024K, 36 young (36864K), 2 survivors (2048K)
 Metaspace       used 45124K, committed 45696K, reserved 1114112K
  class space    used 5880K, committed 6144K, reserved 1048576K
}
Event: 6.714 GC heap after
{Heap after GC invocations=10 (full 0):
 garbage-first heap   total 70656K, used 25265K [0x0000000082800000, 0x0000000100000000)
  region size 1024K, 4 young (4096K), 4 survivors (4096K)
 Metaspace       used 45124K, committed 45696K, reserved 1114112K
  class space    used 5880K, committed 6144K, reserved 1048576K
}
Event: 7.736 GC heap before
{Heap before GC invocations=10 (full 0):
 garbage-first heap   total 70656K, used 59057K [0x0000000082800000, 0x0000000100000000)
  region size 1024K, 38 young (38912K), 4 survivors (4096K)
 Metaspace       used 54581K, committed 55168K, reserved 1114112K
  class space    used 7282K, committed 7552K, reserved 1048576K
}
Event: 7.743 GC heap after
{Heap after GC invocations=11 (full 0):
 garbage-first heap   total 70656K, used 27169K [0x0000000082800000, 0x0000000100000000)
  region size 1024K, 5 young (5120K), 5 survivors (5120K)
 Metaspace       used 54581K, committed 55168K, reserved 1114112K
  class space    used 7282K, committed 7552K, reserved 1048576K
}
Event: 8.429 GC heap before
{Heap before GC invocations=11 (full 0):
 garbage-first heap   total 70656K, used 51745K [0x0000000082800000, 0x0000000100000000)
  region size 1024K, 30 young (30720K), 5 survivors (5120K)
 Metaspace       used 59996K, committed 60608K, reserved 1114112K
  class space    used 8026K, committed 8320K, reserved 1048576K
}
Event: 8.438 GC heap after
{Heap after GC invocations=12 (full 0):
 garbage-first heap   total 70656K, used 29198K [0x0000000082800000, 0x0000000100000000)
  region size 1024K, 5 young (5120K), 5 survivors (5120K)
 Metaspace       used 59996K, committed 60608K, reserved 1114112K
  class space    used 8026K, committed 8320K, reserved 1048576K
}
Event: 9.255 GC heap before
{Heap before GC invocations=13 (full 0):
 garbage-first heap   total 70656K, used 59918K [0x0000000082800000, 0x0000000100000000)
  region size 1024K, 35 young (35840K), 5 survivors (5120K)
 Metaspace       used 63999K, committed 64768K, reserved 1114112K
  class space    used 8691K, committed 9024K, reserved 1048576K
}
Event: 9.264 GC heap after
{Heap after GC invocations=14 (full 0):
 garbage-first heap   total 70656K, used 31908K [0x0000000082800000, 0x0000000100000000)
  region size 1024K, 5 young (5120K), 5 survivors (5120K)
 Metaspace       used 63999K, committed 64768K, reserved 1114112K
  class space    used 8691K, committed 9024K, reserved 1048576K
}
Event: 10.007 GC heap before
{Heap before GC invocations=14 (full 0):
 garbage-first heap   total 70656K, used 60580K [0x0000000082800000, 0x0000000100000000)
  region size 1024K, 33 young (33792K), 5 survivors (5120K)
 Metaspace       used 67836K, committed 68608K, reserved 1114112K
  class space    used 9265K, committed 9600K, reserved 1048576K
}
Event: 10.018 GC heap after
{Heap after GC invocations=15 (full 0):
 garbage-first heap   total 70656K, used 34150K [0x0000000082800000, 0x0000000100000000)
  region size 1024K, 3 young (3072K), 3 survivors (3072K)
 Metaspace       used 67836K, committed 68608K, reserved 1114112K
  class space    used 9265K, committed 9600K, reserved 1048576K
}
Event: 10.710 GC heap before
{Heap before GC invocations=15 (full 0):
 garbage-first heap   total 70656K, used 62822K [0x0000000082800000, 0x0000000100000000)
  region size 1024K, 31 young (31744K), 3 survivors (3072K)
 Metaspace       used 71634K, committed 72576K, reserved 1114112K
  class space    used 9763K, committed 10176K, reserved 1048576K
}
Event: 10.717 GC heap after
{Heap after GC invocations=16 (full 0):
 garbage-first heap   total 70656K, used 37419K [0x0000000082800000, 0x0000000100000000)
  region size 1024K, 4 young (4096K), 4 survivors (4096K)
 Metaspace       used 71634K, committed 72576K, reserved 1114112K
  class space    used 9763K, committed 10176K, reserved 1048576K
}
Event: 12.630 GC heap before
{Heap before GC invocations=16 (full 0):
 garbage-first heap   total 70656K, used 59947K [0x0000000082800000, 0x0000000100000000)
  region size 1024K, 27 young (27648K), 4 survivors (4096K)
 Metaspace       used 78419K, committed 79360K, reserved 1179648K
  class space    used 10743K, committed 11200K, reserved 1048576K
}
Event: 12.637 GC heap after
{Heap after GC invocations=17 (full 0):
 garbage-first heap   total 70656K, used 41804K [0x0000000082800000, 0x0000000100000000)
  region size 1024K, 4 young (4096K), 4 survivors (4096K)
 Metaspace       used 78419K, committed 79360K, reserved 1179648K
  class space    used 10743K, committed 11200K, reserved 1048576K
}
Event: 13.081 GC heap before
{Heap before GC invocations=18 (full 0):
 garbage-first heap   total 75776K, used 60236K [0x0000000082800000, 0x0000000100000000)
  region size 1024K, 23 young (23552K), 4 survivors (4096K)
 Metaspace       used 85674K, committed 86720K, reserved 1179648K
  class space    used 11779K, committed 12224K, reserved 1048576K
}
Event: 13.090 GC heap after
{Heap after GC invocations=19 (full 0):
 garbage-first heap   total 75776K, used 44392K [0x0000000082800000, 0x0000000100000000)
  region size 1024K, 3 young (3072K), 3 survivors (3072K)
 Metaspace       used 85674K, committed 86720K, reserved 1179648K
  class space    used 11779K, committed 12224K, reserved 1048576K
}
Event: 14.084 GC heap before
{Heap before GC invocations=19 (full 0):
 garbage-first heap   total 75776K, used 65896K [0x0000000082800000, 0x0000000100000000)
  region size 1024K, 25 young (25600K), 3 survivors (3072K)
 Metaspace       used 92621K, committed 93632K, reserved 1179648K
  class space    used 12721K, committed 13184K, reserved 1048576K
}
Event: 14.091 GC heap after
{Heap after GC invocations=20 (full 0):
 garbage-first heap   total 91136K, used 46835K [0x0000000082800000, 0x0000000100000000)
  region size 1024K, 4 young (4096K), 4 survivors (4096K)
 Metaspace       used 92621K, committed 93632K, reserved 1179648K
  class space    used 12721K, committed 13184K, reserved 1048576K
}

Dll operation events (20 events):
Event: 10.938 Loaded shared library C:\Users\User\.openjfx\cache\20.0.1+2\amd64\api-ms-win-crt-locale-l1-1-0.dll
Event: 10.944 Loaded shared library C:\Users\User\.openjfx\cache\20.0.1+2\amd64\api-ms-win-crt-math-l1-1-0.dll
Event: 10.949 Loaded shared library C:\Users\User\.openjfx\cache\20.0.1+2\amd64\api-ms-win-crt-multibyte-l1-1-0.dll
Event: 10.957 Loaded shared library C:\Users\User\.openjfx\cache\20.0.1+2\amd64\api-ms-win-crt-private-l1-1-0.dll
Event: 10.961 Loaded shared library C:\Users\User\.openjfx\cache\20.0.1+2\amd64\api-ms-win-crt-process-l1-1-0.dll
Event: 10.967 Loaded shared library C:\Users\User\.openjfx\cache\20.0.1+2\amd64\api-ms-win-crt-runtime-l1-1-0.dll
Event: 10.972 Loaded shared library C:\Users\User\.openjfx\cache\20.0.1+2\amd64\api-ms-win-crt-stdio-l1-1-0.dll
Event: 10.981 Loaded shared library C:\Users\User\.openjfx\cache\20.0.1+2\amd64\api-ms-win-crt-string-l1-1-0.dll
Event: 10.986 Loaded shared library C:\Users\User\.openjfx\cache\20.0.1+2\amd64\api-ms-win-crt-time-l1-1-0.dll
Event: 10.990 Loaded shared library C:\Users\User\.openjfx\cache\20.0.1+2\amd64\api-ms-win-crt-utility-l1-1-0.dll
Event: 11.037 Loaded shared library C:\Users\User\.openjfx\cache\20.0.1+2\amd64\ucrtbase.dll
Event: 11.044 Loaded shared library C:\Users\User\.openjfx\cache\20.0.1+2\amd64\vcruntime140.dll
Event: 11.049 Loaded shared library C:\Users\User\.openjfx\cache\20.0.1+2\amd64\vcruntime140_1.dll
Event: 11.077 Loaded shared library C:\Users\User\.openjfx\cache\20.0.1+2\amd64\msvcp140.dll
Event: 11.082 Loaded shared library C:\Users\User\.openjfx\cache\20.0.1+2\amd64\msvcp140_1.dll
Event: 11.094 Loaded shared library C:\Users\User\.openjfx\cache\20.0.1+2\amd64\msvcp140_2.dll
Event: 11.148 Loaded shared library C:\Users\User\.openjfx\cache\20.0.1+2\amd64\prism_d3d.dll
Event: 11.215 Loaded shared library C:\Users\User\.openjfx\cache\20.0.1+2\amd64\glass.dll
Event: 12.188 Loaded shared library C:\Users\User\.openjfx\cache\20.0.1+2\amd64\jfxwebkit.dll
Event: 12.233 Loaded shared library C:\Users\User\.openjfx\cache\20.0.1+2\amd64\javafx_font.dll

Deoptimization events (20 events):
Event: 14.258 Thread 0x00000224a3ebe200 DEOPT PACKING pc=0x0000022446cc4c62 sp=0x000000b6e75fde70
Event: 14.258 Thread 0x00000224a3ebe200 DEOPT UNPACKING pc=0x000002244d544e42 sp=0x000000b6e75fd360 mode 0
Event: 14.286 Thread 0x00000224a5d597b0 Uncommon trap: trap_request=0xffffff45 fr.pc=0x000002244df48100 relative=0x00000000000001c0
Event: 14.286 Thread 0x00000224a5d597b0 Uncommon trap: reason=unstable_if action=reinterpret pc=0x000002244df48100 method=com.sun.javafx.font.CMap$CMapFormat12.getGlyph(I)C @ 8 c2
Event: 14.286 Thread 0x00000224a5d597b0 DEOPT PACKING pc=0x000002244df48100 sp=0x000000b6e61f9d70
Event: 14.286 Thread 0x00000224a5d597b0 DEOPT UNPACKING pc=0x000002244d5446a2 sp=0x000000b6e61f9cf8 mode 2
Event: 14.296 Thread 0x00000224a5d52eb0 DEOPT PACKING pc=0x0000022446ccf37d sp=0x000000b6e5ffd750
Event: 14.296 Thread 0x00000224a5d52eb0 DEOPT UNPACKING pc=0x000002244d544e42 sp=0x000000b6e5ffcbb8 mode 0
Event: 14.297 Thread 0x00000224a5d52eb0 DEOPT PACKING pc=0x0000022446ccf37d sp=0x000000b6e5ffd390
Event: 14.297 Thread 0x00000224a5d52eb0 DEOPT UNPACKING pc=0x000002244d544e42 sp=0x000000b6e5ffc7f8 mode 0
Event: 14.297 Thread 0x00000224a5d52eb0 DEOPT PACKING pc=0x0000022446ccf37d sp=0x000000b6e5ffd390
Event: 14.297 Thread 0x00000224a5d52eb0 DEOPT UNPACKING pc=0x000002244d544e42 sp=0x000000b6e5ffc7f8 mode 0
Event: 14.300 Thread 0x00000224a5d52eb0 DEOPT PACKING pc=0x0000022446ccf37d sp=0x000000b6e5ffd8e0
Event: 14.300 Thread 0x00000224a5d52eb0 DEOPT UNPACKING pc=0x000002244d544e42 sp=0x000000b6e5ffcd48 mode 0
Event: 14.300 Thread 0x00000224a5d52eb0 DEOPT PACKING pc=0x0000022446ccf37d sp=0x000000b6e5ffd560
Event: 14.300 Thread 0x00000224a5d52eb0 DEOPT UNPACKING pc=0x000002244d544e42 sp=0x000000b6e5ffc9c8 mode 0
Event: 14.301 Thread 0x00000224a5d52eb0 DEOPT PACKING pc=0x0000022446ccf37d sp=0x000000b6e5ffd560
Event: 14.301 Thread 0x00000224a5d52eb0 DEOPT UNPACKING pc=0x000002244d544e42 sp=0x000000b6e5ffc9c8 mode 0
Event: 14.301 Thread 0x00000224a5d52eb0 DEOPT PACKING pc=0x0000022446ccf37d sp=0x000000b6e5ffd560
Event: 14.301 Thread 0x00000224a5d52eb0 DEOPT UNPACKING pc=0x000002244d544e42 sp=0x000000b6e5ffc9c8 mode 0

Classes loaded (20 events):
Event: 14.162 Loading class java/lang/FdLibm
Event: 14.162 Loading class java/lang/FdLibm done
Event: 14.178 Loading class jdk/internal/ref/CleanerImpl$InnocuousThreadFactory
Event: 14.178 Loading class jdk/internal/ref/CleanerImpl$InnocuousThreadFactory done
Event: 14.182 Loading class sun/misc/Unsafe
Event: 14.182 Loading class sun/misc/Unsafe done
Event: 14.227 Loading class java/nio/ShortBuffer
Event: 14.228 Loading class java/nio/ShortBuffer done
Event: 14.228 Loading class java/nio/FloatBuffer
Event: 14.229 Loading class java/nio/FloatBuffer done
Event: 14.229 Loading class java/nio/DoubleBuffer
Event: 14.229 Loading class java/nio/DoubleBuffer done
Event: 14.230 Loading class java/nio/DirectFloatBufferU
Event: 14.230 Loading class java/nio/DirectFloatBufferU done
Event: 14.257 Loading class java/lang/Throwable$WrappedPrintStream
Event: 14.258 Loading class java/lang/Throwable$PrintStreamOrWriter
Event: 14.258 Loading class java/lang/Throwable$PrintStreamOrWriter done
Event: 14.258 Loading class java/lang/Throwable$WrappedPrintStream done
Event: 14.267 Loading class sun/nio/fs/WindowsChannelFactory$2
Event: 14.267 Loading class sun/nio/fs/WindowsChannelFactory$2 done

Classes unloaded (0 events):
No events

Classes redefined (0 events):
No events

Internal exceptions (20 events):
Event: 14.015 Thread 0x00000224a5d597b0 Exception <a 'java/io/FileNotFoundException'{0x0000000085bb6158}> (0x0000000085bb6158) 
thrown [s\open\src\hotspot\share\prims\jni.cpp, line 520]
Event: 14.015 Thread 0x00000224a5d597b0 Exception <a 'java/io/FileNotFoundException'{0x0000000085bb71b8}> (0x0000000085bb71b8) 
thrown [s\open\src\hotspot\share\prims\jni.cpp, line 520]
Event: 14.018 Thread 0x00000224a5d597b0 Exception <a 'java/io/FileNotFoundException'{0x0000000085bc8418}> (0x0000000085bc8418) 
thrown [s\open\src\hotspot\share\prims\jni.cpp, line 520]
Event: 14.018 Thread 0x00000224a5d597b0 Exception <a 'java/io/FileNotFoundException'{0x0000000085bc9340}> (0x0000000085bc9340) 
thrown [s\open\src\hotspot\share\prims\jni.cpp, line 520]
Event: 14.019 Thread 0x00000224a5d597b0 Exception <a 'java/io/FileNotFoundException'{0x0000000085bca280}> (0x0000000085bca280) 
thrown [s\open\src\hotspot\share\prims\jni.cpp, line 520]
Event: 14.019 Thread 0x00000224a5d597b0 Exception <a 'java/io/FileNotFoundException'{0x0000000085bcb1a0}> (0x0000000085bcb1a0) 
thrown [s\open\src\hotspot\share\prims\jni.cpp, line 520]
Event: 14.019 Thread 0x00000224a5d597b0 Exception <a 'java/io/FileNotFoundException'{0x0000000085bcc5b0}> (0x0000000085bcc5b0) 
thrown [s\open\src\hotspot\share\prims\jni.cpp, line 520]
Event: 14.019 Thread 0x00000224a5d597b0 Exception <a 'java/io/FileNotFoundException'{0x0000000085bcd650}> (0x0000000085bcd650) 
thrown [s\open\src\hotspot\share\prims\jni.cpp, line 520]
Event: 14.019 Thread 0x00000224a5d597b0 Exception <a 'java/io/FileNotFoundException'{0x0000000085bce6b0}> (0x0000000085bce6b0) 
thrown [s\open\src\hotspot\share\prims\jni.cpp, line 520]
Event: 14.034 Thread 0x00000224a5d597b0 Exception <a 'java/io/FileNotFoundException'{0x0000000085be6728}> (0x0000000085be6728) 
thrown [s\open\src\hotspot\share\prims\jni.cpp, line 520]
Event: 14.034 Thread 0x00000224a5d597b0 Exception <a 'java/io/FileNotFoundException'{0x0000000085be7900}> (0x0000000085be7900) 
thrown [s\open\src\hotspot\share\prims\jni.cpp, line 520]
Event: 14.034 Thread 0x00000224a5d597b0 Exception <a 'java/io/FileNotFoundException'{0x0000000085be8af0}> (0x0000000085be8af0) 
thrown [s\open\src\hotspot\share\prims\jni.cpp, line 520]
Event: 14.034 Thread 0x00000224a5d597b0 Exception <a 'java/io/FileNotFoundException'{0x0000000085be9cc0}> (0x0000000085be9cc0) 
thrown [s\open\src\hotspot\share\prims\jni.cpp, line 520]
Event: 14.034 Thread 0x00000224a5d597b0 Exception <a 'java/io/FileNotFoundException'{0x0000000085beb380}> (0x0000000085beb380) 
thrown [s\open\src\hotspot\share\prims\jni.cpp, line 520]
Event: 14.034 Thread 0x00000224a5d597b0 Exception <a 'java/io/FileNotFoundException'{0x0000000085bec6d0}> (0x0000000085bec6d0) 
thrown [s\open\src\hotspot\share\prims\jni.cpp, line 520]
Event: 14.034 Thread 0x00000224a5d597b0 Exception <a 'java/io/FileNotFoundException'{0x0000000085bed9e0}> (0x0000000085bed9e0) 
thrown [s\open\src\hotspot\share\prims\jni.cpp, line 520]
Event: 14.121 Thread 0x00000224a5d597b0 Exception <a 'java/lang/IncompatibleClassChangeError'{0x0000000087f56180}: Found class java.lang.Object, but interface was expected> (0x0000000087f56180) 
thrown [s\open\src\hotspot\share\interpreter\linkResolver.cpp, line 840]
Event: 14.257 Thread 0x00000224a5d52eb0 Exception <a 'java/lang/NullPointerException'{0x0000000087bc5d48}> (0x0000000087bc5d48) 
thrown [s\open\src\hotspot\share\interpreter\linkResolver.cpp, line 1456]
Event: 14.281 Thread 0x00000224a5d52eb0 Exception <a 'java/lang/NullPointerException'{0x0000000087bffd08}> (0x0000000087bffd08) 
thrown [s\open\src\hotspot\share\interpreter\linkResolver.cpp, line 1456]
Event: 14.302 Thread 0x00000224a5d52eb0 Exception <a 'java/lang/NullPointerException'{0x0000000087acf790}> (0x0000000087acf790) 
thrown [s\open\src\hotspot\share\interpreter\linkResolver.cpp, line 1456]

ZGC Phase Switch (0 events):
No events

VM Operations (20 events):
Event: 12.997 Executing VM operation: HandshakeAllThreads (Deoptimize)
Event: 12.997 Executing VM operation: HandshakeAllThreads (Deoptimize) done
Event: 13.073 Executing VM operation: HandshakeAllThreads (Deoptimize)
Event: 13.073 Executing VM operation: HandshakeAllThreads (Deoptimize) done
Event: 13.075 Executing VM operation: HandshakeAllThreads (Deoptimize)
Event: 13.075 Executing VM operation: HandshakeAllThreads (Deoptimize) done
Event: 13.081 Executing VM operation: G1CollectForAllocation (G1 Evacuation Pause)
Event: 13.090 Executing VM operation: G1CollectForAllocation (G1 Evacuation Pause) done
Event: 13.094 Executing VM operation: HandshakeAllThreads (Deoptimize)
Event: 13.094 Executing VM operation: HandshakeAllThreads (Deoptimize) done
Event: 13.564 Executing VM operation: HandshakeAllThreads (Deoptimize)
Event: 13.564 Executing VM operation: HandshakeAllThreads (Deoptimize) done
Event: 13.792 Executing VM operation: HandshakeAllThreads (Deoptimize)
Event: 13.792 Executing VM operation: HandshakeAllThreads (Deoptimize) done
Event: 13.883 Executing VM operation: ICBufferFull
Event: 13.883 Executing VM operation: ICBufferFull done
Event: 14.084 Executing VM operation: G1CollectForAllocation (G1 Evacuation Pause)
Event: 14.091 Executing VM operation: G1CollectForAllocation (G1 Evacuation Pause) done
Event: 14.123 Executing VM operation: HandshakeAllThreads (Deoptimize)
Event: 14.123 Executing VM operation: HandshakeAllThreads (Deoptimize) done

Events (20 events):
Event: 12.706 Thread 0x0000022459bb8890 flushing nmethod 0x000002244db5fc10
Event: 12.706 Thread 0x0000022459bb8890 flushing nmethod 0x000002244db48d10
Event: 12.706 Thread 0x0000022459bb8890 flushing nmethod 0x000002244db25f10
Event: 12.706 Thread 0x0000022459bb8890 flushing nmethod 0x000002244db25890
Event: 12.706 Thread 0x0000022459bb8890 flushing nmethod 0x000002244db09890
Event: 12.706 Thread 0x0000022459bb8890 flushing nmethod 0x000002244db03e90
Event: 12.706 Thread 0x0000022459bb8890 flushing nmethod 0x000002244db01710
Event: 12.706 Thread 0x0000022459bb8890 flushing nmethod 0x000002244dacc210
Event: 12.706 Thread 0x0000022459bb8890 flushing nmethod 0x000002244dabd410
Event: 12.706 Thread 0x0000022459bb8890 flushing nmethod 0x000002244dac0b90
Event: 12.706 Thread 0x0000022459bb8890 flushing nmethod 0x000002244daa2310
Event: 12.780 Thread 0x00000224a5d57d70 Thread added: 0x00000224a5d57d70
Event: 12.793 Thread 0x00000224a5d53bd0 Thread added: 0x00000224a5d53bd0
Event: 12.831 Thread 0x00000224a5d54260 Thread added: 0x00000224a5d54260
Event: 12.831 Thread 0x00000224a07433c0 Thread added: 0x00000224a07433c0
Event: 13.023 Thread 0x00000224a3ebf5b0 Thread added: 0x00000224a3ebf5b0
Event: 13.516 Thread 0x00000224a3eba6f0 Thread added: 0x00000224a3eba6f0
Event: 13.534 Thread 0x00000224a3ebe200 Thread added: 0x00000224a3ebe200
Event: 13.965 Thread 0x00000224a3ebe890 Thread added: 0x00000224a3ebe890
Event: 14.178 Thread 0x00000224a3ebbaa0 Thread added: 0x00000224a3ebbaa0


Dynamic libraries:
0x00007ff6bebf0000 - 0x00007ff6bec00000 	C:\Program Files\Java\jdk-21\bin\java.exe
0x00007ffc16270000 - 0x00007ffc16468000 	C:\Windows\SYSTEM32\ntdll.dll
0x00007ffc16160000 - 0x00007ffc16222000 	C:\Windows\System32\KERNEL32.DLL
0x00007ffc13c70000 - 0x00007ffc13f6e000 	C:\Windows\System32\KERNELBASE.dll
0x00007ffc14190000 - 0x00007ffc14290000 	C:\Windows\System32\ucrtbase.dll
0x00007ffc0a9c0000 - 0x00007ffc0a9db000 	C:\Program Files\Java\jdk-21\bin\VCRUNTIME140.dll
0x00007ffc09660000 - 0x00007ffc09679000 	C:\Program Files\Java\jdk-21\bin\jli.dll
0x00007ffc16010000 - 0x00007ffc160c1000 	C:\Windows\System32\ADVAPI32.dll
0x00007ffc14610000 - 0x00007ffc146ae000 	C:\Windows\System32\msvcrt.dll
0x00007ffc15960000 - 0x00007ffc159ff000 	C:\Windows\System32\sechost.dll
0x00007ffc142c0000 - 0x00007ffc143e3000 	C:\Windows\System32\RPCRT4.dll
0x00007ffc13910000 - 0x00007ffc13937000 	C:\Windows\System32\bcrypt.dll
0x00007ffc15a00000 - 0x00007ffc15b9d000 	C:\Windows\System32\USER32.dll
0x00007ffc13940000 - 0x00007ffc13962000 	C:\Windows\System32\win32u.dll
0x00007ffc16130000 - 0x00007ffc1615b000 	C:\Windows\System32\GDI32.dll
0x00007ffc13970000 - 0x00007ffc13a87000 	C:\Windows\System32\gdi32full.dll
0x00007ffbfae80000 - 0x00007ffbfb11a000 	C:\Windows\WinSxS\amd64_microsoft.windows.common-controls_6595b64144ccf1df_6.0.19041.4355_none_60b8b9eb71f62e16\COMCTL32.dll
0x00007ffc13bd0000 - 0x00007ffc13c6d000 	C:\Windows\System32\msvcp_win.dll
0x00007ffc08920000 - 0x00007ffc0892a000 	C:\Windows\SYSTEM32\VERSION.dll
0x00007ffc14290000 - 0x00007ffc142bf000 	C:\Windows\System32\IMM32.DLL
0x00007ffc0dbb0000 - 0x00007ffc0dbbc000 	C:\Program Files\Java\jdk-21\bin\vcruntime140_1.dll
0x00007ffbd5f40000 - 0x00007ffbd5fce000 	C:\Program Files\Java\jdk-21\bin\msvcp140.dll
0x00007ffb9de20000 - 0x00007ffb9eb33000 	C:\Program Files\Java\jdk-21\bin\server\jvm.dll
0x00007ffc146b0000 - 0x00007ffc1471b000 	C:\Windows\System32\WS2_32.dll
0x00007ffc134a0000 - 0x00007ffc134eb000 	C:\Windows\SYSTEM32\POWRPROF.dll
0x00007ffbfdb20000 - 0x00007ffbfdb47000 	C:\Windows\SYSTEM32\WINMM.dll
0x00007ffc13460000 - 0x00007ffc13472000 	C:\Windows\SYSTEM32\UMPDC.dll
0x00007ffc117e0000 - 0x00007ffc117f2000 	C:\Windows\SYSTEM32\kernel.appcore.dll
0x00007ffc0cd80000 - 0x00007ffc0cd8a000 	C:\Program Files\Java\jdk-21\bin\jimage.dll
0x00007ffc11180000 - 0x00007ffc11364000 	C:\Windows\SYSTEM32\DBGHELP.DLL
0x00007ffbefa40000 - 0x00007ffbefa74000 	C:\Windows\SYSTEM32\dbgcore.DLL
0x00007ffc13a90000 - 0x00007ffc13b12000 	C:\Windows\System32\bcryptPrimitives.dll
0x00007ffc00a50000 - 0x00007ffc00a5f000 	C:\Program Files\Java\jdk-21\bin\instrument.dll
0x00007ffbfd7e0000 - 0x00007ffbfd7ff000 	C:\Program Files\Java\jdk-21\bin\java.dll
0x00007ffc14720000 - 0x00007ffc14e8d000 	C:\Windows\System32\SHELL32.dll
0x00007ffc11990000 - 0x00007ffc12134000 	C:\Windows\SYSTEM32\windows.storage.dll
0x00007ffc15350000 - 0x00007ffc156a3000 	C:\Windows\System32\combase.dll
0x00007ffc132d0000 - 0x00007ffc132fe000 	C:\Windows\SYSTEM32\Wldp.dll
0x00007ffc156b0000 - 0x00007ffc1577d000 	C:\Windows\System32\OLEAUT32.dll
0x00007ffc14f50000 - 0x00007ffc14ffd000 	C:\Windows\System32\SHCORE.dll
0x00007ffc14400000 - 0x00007ffc14455000 	C:\Windows\System32\shlwapi.dll
0x00007ffc13840000 - 0x00007ffc13864000 	C:\Windows\SYSTEM32\profapi.dll
0x00007ffbce1d0000 - 0x00007ffbce2a7000 	C:\Program Files\Java\jdk-21\bin\jsvml.dll
0x00007ffbfb880000 - 0x00007ffbfb898000 	C:\Program Files\Java\jdk-21\bin\zip.dll
0x00007ffbfbb50000 - 0x00007ffbfbb60000 	C:\Program Files\Java\jdk-21\bin\net.dll
0x00007ffc042a0000 - 0x00007ffc043ad000 	C:\Windows\SYSTEM32\WINHTTP.dll
0x00007ffc13030000 - 0x00007ffc1309a000 	C:\Windows\system32\mswsock.dll
0x00007ffbfba10000 - 0x00007ffbfba26000 	C:\Program Files\Java\jdk-21\bin\nio.dll
0x00007ffbf72d0000 - 0x00007ffbf72ea000 	C:\Program Files\JetBrains\IntelliJ IDEA Community Edition 2023.2.5\bin\breakgen64.dll
0x00007ffbfa880000 - 0x00007ffbfa887000 	C:\Program Files\Java\jdk-21\bin\extnet.dll
0x00007ffbf44d0000 - 0x00007ffbf44de000 	C:\Program Files\Java\jdk-21\bin\sunmscapi.dll
0x00007ffc14030000 - 0x00007ffc1418c000 	C:\Windows\System32\CRYPT32.dll
0x00007ffc13340000 - 0x00007ffc13367000 	C:\Windows\SYSTEM32\ncrypt.dll
0x00007ffc13300000 - 0x00007ffc1333b000 	C:\Windows\SYSTEM32\NTASN1.dll
0x00007ffc13230000 - 0x00007ffc13248000 	C:\Windows\SYSTEM32\CRYPTSP.dll
0x00007ffc128f0000 - 0x00007ffc12924000 	C:\Windows\system32\rsaenh.dll
0x00007ffc13800000 - 0x00007ffc1382e000 	C:\Windows\SYSTEM32\USERENV.dll
0x00007ffc13220000 - 0x00007ffc1322c000 	C:\Windows\SYSTEM32\CRYPTBASE.dll
0x00007ffc12d10000 - 0x00007ffc12d4b000 	C:\Windows\SYSTEM32\IPHLPAPI.DLL
0x00007ffc143f0000 - 0x00007ffc143f8000 	C:\Windows\System32\NSI.dll
0x00007ffbf4950000 - 0x00007ffbf495a000 	C:\Program Files\Java\jdk-21\bin\management.dll
0x00007ffbf47c0000 - 0x00007ffbf47cb000 	C:\Program Files\Java\jdk-21\bin\management_ext.dll
0x00007ffc15950000 - 0x00007ffc15958000 	C:\Windows\System32\PSAPI.DLL
0x00007ffbfbb40000 - 0x00007ffbfbb50000 	C:\Program Files\Java\jdk-21\bin\verify.dll
0x00007ffc12d50000 - 0x00007ffc12e1a000 	C:\Windows\SYSTEM32\DNSAPI.dll
0x00007ffc06a70000 - 0x00007ffc06a7a000 	C:\Windows\System32\rasadhlp.dll
0x00007ffbfce50000 - 0x00007ffbfced0000 	C:\Windows\System32\fwpuclnt.dll
0x00007ffc0b150000 - 0x00007ffc0b157000 	C:\Windows\system32\wshunix.dll
0x000002243dac0000 - 0x000002243dac3000 	C:\Users\User\.openjfx\cache\20.0.1+2\amd64\api-ms-win-core-console-l1-1-0.dll
0x000002243dad0000 - 0x000002243dad3000 	C:\Users\User\.openjfx\cache\20.0.1+2\amd64\api-ms-win-core-console-l1-2-0.dll
0x000002243dae0000 - 0x000002243dae3000 	C:\Users\User\.openjfx\cache\20.0.1+2\amd64\api-ms-win-core-datetime-l1-1-0.dll
0x000002243daf0000 - 0x000002243daf3000 	C:\Users\User\.openjfx\cache\20.0.1+2\amd64\api-ms-win-core-debug-l1-1-0.dll
0x000002243db00000 - 0x000002243db03000 	C:\Users\User\.openjfx\cache\20.0.1+2\amd64\api-ms-win-core-errorhandling-l1-1-0.dll
0x000002243db10000 - 0x000002243db14000 	C:\Users\User\.openjfx\cache\20.0.1+2\amd64\api-ms-win-core-file-l1-1-0.dll
0x000002243db20000 - 0x000002243db23000 	C:\Users\User\.openjfx\cache\20.0.1+2\amd64\api-ms-win-core-file-l1-2-0.dll
0x0000022459fb0000 - 0x0000022459fb3000 	C:\Users\User\.openjfx\cache\20.0.1+2\amd64\api-ms-win-core-file-l2-1-0.dll
0x0000022459fc0000 - 0x0000022459fc3000 	C:\Users\User\.openjfx\cache\20.0.1+2\amd64\api-ms-win-core-handle-l1-1-0.dll
0x0000022459fd0000 - 0x0000022459fd3000 	C:\Users\User\.openjfx\cache\20.0.1+2\amd64\api-ms-win-core-heap-l1-1-0.dll
0x0000022459fe0000 - 0x0000022459fe3000 	C:\Users\User\.openjfx\cache\20.0.1+2\amd64\api-ms-win-core-interlocked-l1-1-0.dll
0x0000022459ff0000 - 0x0000022459ff3000 	C:\Users\User\.openjfx\cache\20.0.1+2\amd64\api-ms-win-core-libraryloader-l1-1-0.dll
0x00000224a1ee0000 - 0x00000224a1ee3000 	C:\Users\User\.openjfx\cache\20.0.1+2\amd64\api-ms-win-core-localization-l1-2-0.dll
0x00000224a1ef0000 - 0x00000224a1ef3000 	C:\Users\User\.openjfx\cache\20.0.1+2\amd64\api-ms-win-core-memory-l1-1-0.dll
0x00000224a1f00000 - 0x00000224a1f03000 	C:\Users\User\.openjfx\cache\20.0.1+2\amd64\api-ms-win-core-namedpipe-l1-1-0.dll
0x00000224a1f10000 - 0x00000224a1f13000 	C:\Users\User\.openjfx\cache\20.0.1+2\amd64\api-ms-win-core-processenvironment-l1-1-0.dll
0x00000224a1f20000 - 0x00000224a1f23000 	C:\Users\User\.openjfx\cache\20.0.1+2\amd64\api-ms-win-core-processthreads-l1-1-0.dll
0x00000224a1f30000 - 0x00000224a1f33000 	C:\Users\User\.openjfx\cache\20.0.1+2\amd64\api-ms-win-core-processthreads-l1-1-1.dll
0x00000224a3080000 - 0x00000224a3083000 	C:\Users\User\.openjfx\cache\20.0.1+2\amd64\api-ms-win-core-profile-l1-1-0.dll
0x00000224a3090000 - 0x00000224a3093000 	C:\Users\User\.openjfx\cache\20.0.1+2\amd64\api-ms-win-core-rtlsupport-l1-1-0.dll
0x00000224a30a0000 - 0x00000224a30a3000 	C:\Users\User\.openjfx\cache\20.0.1+2\amd64\api-ms-win-core-string-l1-1-0.dll
0x00000224a2f10000 - 0x00000224a2f13000 	C:\Users\User\.openjfx\cache\20.0.1+2\amd64\api-ms-win-core-synch-l1-1-0.dll
0x00000224a2f20000 - 0x00000224a2f23000 	C:\Users\User\.openjfx\cache\20.0.1+2\amd64\api-ms-win-core-synch-l1-2-0.dll
0x00000224a2f30000 - 0x00000224a2f33000 	C:\Users\User\.openjfx\cache\20.0.1+2\amd64\api-ms-win-core-sysinfo-l1-1-0.dll
0x00000224a2f40000 - 0x00000224a2f43000 	C:\Users\User\.openjfx\cache\20.0.1+2\amd64\api-ms-win-core-timezone-l1-1-0.dll
0x00000224a2f50000 - 0x00000224a2f53000 	C:\Users\User\.openjfx\cache\20.0.1+2\amd64\api-ms-win-core-util-l1-1-0.dll
0x00000224a2f60000 - 0x00000224a2f63000 	C:\Users\User\.openjfx\cache\20.0.1+2\amd64\api-ms-win-crt-conio-l1-1-0.dll
0x00000224a2f70000 - 0x00000224a2f74000 	C:\Users\User\.openjfx\cache\20.0.1+2\amd64\api-ms-win-crt-convert-l1-1-0.dll
0x00000224a2f80000 - 0x00000224a2f83000 	C:\Users\User\.openjfx\cache\20.0.1+2\amd64\api-ms-win-crt-environment-l1-1-0.dll
0x00000224a2f90000 - 0x00000224a2f93000 	C:\Users\User\.openjfx\cache\20.0.1+2\amd64\api-ms-win-crt-filesystem-l1-1-0.dll
0x00000224a2fa0000 - 0x00000224a2fa3000 	C:\Users\User\.openjfx\cache\20.0.1+2\amd64\api-ms-win-crt-heap-l1-1-0.dll
0x00000224a2fb0000 - 0x00000224a2fb3000 	C:\Users\User\.openjfx\cache\20.0.1+2\amd64\api-ms-win-crt-locale-l1-1-0.dll
0x00000224a2fc0000 - 0x00000224a2fc5000 	C:\Users\User\.openjfx\cache\20.0.1+2\amd64\api-ms-win-crt-math-l1-1-0.dll
0x00000224a2fd0000 - 0x00000224a2fd5000 	C:\Users\User\.openjfx\cache\20.0.1+2\amd64\api-ms-win-crt-multibyte-l1-1-0.dll
0x00000224a2fe0000 - 0x00000224a2ff0000 	C:\Users\User\.openjfx\cache\20.0.1+2\amd64\api-ms-win-crt-private-l1-1-0.dll
0x00000224a2ff0000 - 0x00000224a2ff3000 	C:\Users\User\.openjfx\cache\20.0.1+2\amd64\api-ms-win-crt-process-l1-1-0.dll
0x00000224a3000000 - 0x00000224a3004000 	C:\Users\User\.openjfx\cache\20.0.1+2\amd64\api-ms-win-crt-runtime-l1-1-0.dll
0x00000224a3010000 - 0x00000224a3014000 	C:\Users\User\.openjfx\cache\20.0.1+2\amd64\api-ms-win-crt-stdio-l1-1-0.dll
0x00000224a3020000 - 0x00000224a3024000 	C:\Users\User\.openjfx\cache\20.0.1+2\amd64\api-ms-win-crt-string-l1-1-0.dll
0x00000224a3030000 - 0x00000224a3033000 	C:\Users\User\.openjfx\cache\20.0.1+2\amd64\api-ms-win-crt-time-l1-1-0.dll
0x00000224a3040000 - 0x00000224a3043000 	C:\Users\User\.openjfx\cache\20.0.1+2\amd64\api-ms-win-crt-utility-l1-1-0.dll
0x00007ffbbf890000 - 0x00007ffbbf98c000 	C:\Users\User\.openjfx\cache\20.0.1+2\amd64\ucrtbase.dll
0x00007ffbd6050000 - 0x00007ffbd606b000 	C:\Users\User\.openjfx\cache\20.0.1+2\amd64\vcruntime140.dll
0x00007ffbedf80000 - 0x00007ffbedf8c000 	C:\Users\User\.openjfx\cache\20.0.1+2\amd64\vcruntime140_1.dll
0x00007ffbcbc60000 - 0x00007ffbcbcee000 	C:\Users\User\.openjfx\cache\20.0.1+2\amd64\msvcp140.dll
0x00007ffbed6b0000 - 0x00007ffbed6b9000 	C:\Users\User\.openjfx\cache\20.0.1+2\amd64\msvcp140_1.dll
0x00007ffbd1e30000 - 0x00007ffbd1e60000 	C:\Users\User\.openjfx\cache\20.0.1+2\amd64\msvcp140_2.dll
0x00007ffbcf410000 - 0x00007ffbcf43f000 	C:\Users\User\.openjfx\cache\20.0.1+2\amd64\prism_d3d.dll
0x00007ffb973b0000 - 0x00007ffb97581000 	C:\Windows\system32\d3d9.dll
0x00007ffc11490000 - 0x00007ffc114bf000 	C:\Windows\SYSTEM32\dwmapi.dll
0x00007ffc10fd0000 - 0x00007ffc1106e000 	C:\Windows\system32\uxtheme.dll
0x00007ffbd4550000 - 0x00007ffbd46b3000 	C:\Windows\System32\DriverStore\FileRepository\iigd_dch.inf_amd64_35bb87b7e5b3c943\igdumdim64.dll
0x00007ffc15080000 - 0x00007ffc151ab000 	C:\Windows\System32\ole32.dll
0x00007ffb658e0000 - 0x00007ffb6a065000 	C:\Windows\System32\DriverStore\FileRepository\iigd_dch.inf_amd64_35bb87b7e5b3c943\igd9dxva64.dll
0x00007ffc15ba0000 - 0x00007ffc1600e000 	C:\Windows\System32\SETUPAPI.dll
0x00007ffc13f70000 - 0x00007ffc13fbe000 	C:\Windows\System32\cfgmgr32.dll
0x00007ffc04010000 - 0x00007ffc04291000 	C:\Windows\System32\DriverStore\FileRepository\iigd_dch.inf_amd64_35bb87b7e5b3c943\igdgmm64.dll
0x00007ffbcc980000 - 0x00007ffbcc9c2000 	C:\Users\User\.openjfx\cache\20.0.1+2\amd64\glass.dll
0x00007ffc15250000 - 0x00007ffc1532a000 	C:\Windows\System32\COMDLG32.dll
0x00007ffc15780000 - 0x00007ffc15895000 	C:\Windows\System32\MSCTF.dll

dbghelp: loaded successfully - version: 4.0.5 - missing functions: none
symbol engine: initialized successfully - sym options: 0x614 - pdb path: .;C:\Program Files\Java\jdk-21\bin;C:\Windows\SYSTEM32;C:\Windows\WinSxS\amd64_microsoft.windows.common-controls_6595b64144ccf1df_6.0.19041.4355_none_60b8b9eb71f62e16;C:\Program Files\Java\jdk-21\bin\server;C:\Program Files\JetBrains\IntelliJ IDEA Community Edition 2023.2.5\bin;C:\Users\User\.openjfx\cache\20.0.1+2\amd64;C:\Windows\System32\DriverStore\FileRepository\iigd_dch.inf_amd64_35bb87b7e5b3c943;C:\Program Files\Common Files\Microsoft Shared\Ink

VM Arguments:
jvm_args: -javaagent:C:\Program Files\JetBrains\IntelliJ IDEA Community Edition 2023.2.5\lib\idea_rt.jar=58394:C:\Program Files\JetBrains\IntelliJ IDEA Community Edition 2023.2.5\bin -Dfile.encoding=UTF-8 -Dsun.stdout.encoding=UTF-8 -Dsun.stderr.encoding=UTF-8 
java_command: ru.kissass.ToDoListProject.ToDoListProjectApplication
java_class_path (initial): C:\Users\User\Downloads\naumenen\naumenen\target\classes;C:\Users\User\.m2\repository\org\openjfx\javafx-controls\20.0.1\javafx-controls-20.0.1.jar;C:\Users\User\.m2\repository\org\openjfx\javafx-controls\20.0.1\javafx-controls-20.0.1-win.jar;C:\Users\User\.m2\repository\org\openjfx\javafx-graphics\20.0.1\javafx-graphics-20.0.1.jar;C:\Users\User\.m2\repository\org\openjfx\javafx-graphics\20.0.1\javafx-graphics-20.0.1-win.jar;C:\Users\User\.m2\repository\org\openjfx\javafx-base\20.0.1\javafx-base-20.0.1.jar;C:\Users\User\.m2\repository\org\openjfx\javafx-base\20.0.1\javafx-base-20.0.1-win.jar;C:\Users\User\.m2\repository\org\openjfx\javafx-web\20.0.1\javafx-web-20.0.1.jar;C:\Users\User\.m2\repository\org\openjfx\javafx-web\20.0.1\javafx-web-20.0.1-win.jar;C:\Users\User\.m2\repository\org\openjfx\javafx-media\20.0.1\javafx-media-20.0.1.jar;C:\Users\User\.m2\repository\org\openjfx\javafx-media\20.0.1\javafx-media-20.0.1-win.jar;C:\Users\User\.m2\repository\org\springframework\boot\spring-boot-starter\3.4.0\spring-boot-starter-3.4.0.jar;C:\Users\User\.m2\repository\org\springframework\boot\spring-boot\3.4.0\spring-boot-3.4.0.jar;C:\Users\User\.m2\repository\org\springframework\spring-context\6.2.0\spring-context-6.2.0.jar;C:\Users\User\.m2\repository\org\springframework\boot\spring-boot-autoconfigure\3.4.0\spring-boot-autoconfigure-3.4.0.jar;C:\Users\User\.m2\repository\org\springframework\boot\spring-boot-starter-logging\3.4.0\spring-boot-starter-logging-3.4.0.jar;C:\Users\User\.m2\repository\ch\qos\logback\logback-classic\1.5.12\logback-classic-1.5.12.jar;C:\Users\User\.m2\repository\ch\qos\logback\logback-core\1.5.12\logback-core-1.5.12.jar;C:\Users\User\.m2\repository\org\apache\logging\log4j\log4j-to-slf4j\2.24.1\log4j-to-slf4j-2.24.1.jar;C:\Users\User\.m2\repository\org\apache\logging\log4j\log4j-api\2.24.1\log4j-api-2.24.1.jar;C:\Users\User\.m2\repository\org\slf4j\jul-to-slf4j\2.0.16\jul-to-slf4j-2.0.16.jar;C:\Users\User\.m2\repository\jakarta\annotation\jakarta.annotation-api\2.1.1\jakarta.annotation-api-2.1.1.jar;C:\Users\User\.m2\repository\org\springframework\spring-core\6.2.0\spring-core-6.2.0.jar;C:\Users\User\.m2\repository\org\springframework\spring-jcl\6.2.0\spring-jcl-6.2.0.jar;C:\Users\User\.m2\repository\org\yaml\snakeyaml\2.3\snakeyaml-2.3.jar;C:\Users\User\.m2\repository\com\jayway\jsonpath\json-path\2.9.0\json-path-2.9.0.jar;C:\Users\User\.m2\repository\org\slf4j\slf4j-api\2.0.16\slf4j-api-2.0.16.jar;C:\Users\User\.m2\repository\jakarta\xml\bind\jakarta.xml.bind-api\4.0.2\jakarta.xml.bind-api-4.0.2.jar;C:\Users\User\.m2\repository\jakarta\activation\jakarta.activation-api\2.1.3\jakarta.activation-api-2.1.3.jar;C:\Users\User\.m2\repository\net\minidev\json-smart\2.5.1\json-smart-2.5.1.jar;C:\Users\User\.m2\repository\net\minidev\accessors-smart\2.5.1\accessors-smart-2.5.1.jar;C:\Users\User\.m2\repository\org\ow2\asm\asm\9.6\asm-9.6.jar;C:\Users\User\.m2\repository\net\bytebuddy\byte-buddy\1.15.10\byte-buddy-1.15.10.jar;C:\Users\User\.m2\repository\org\springframework\boot\spring-boot-starter-data-jpa\3.4.0\spring-boot-starter-data-jpa-3.4.0.jar;C:\Users\User\.m2\repository\org\springframework\boot\spring-boot-starter-jdbc\3.4.0\spring-boot-starter-jdbc-3.4.0.jar;C:\Users\User\.m2\repository\com\zaxxer\HikariCP\5.1.0\HikariCP-5.1.0.jar;C:\Users\User\.m2\repository\org\springframework\spring-jdbc\6.2.0\spring-jdbc-6.2.0.jar;C:\Users\User\.m2\repository\org\hibernate\orm\hibernate-core\6.6.2.Final\hibernate-core-6.6.2.Final.jar;C:\Users\User\.m2\repository\jakarta\persistence\jakarta.persistence-api\3.1.0\jakarta.persistence-api-3.1.0.jar;C:\Users\User\.m2\repository\jakarta\transaction\jakarta.transaction-api\2.0.1\jakarta.transaction-api-2.0.1.jar;C:\Users\User\.m2\repository\org\jboss\logging\jboss-logging\3.6.1.Final\jboss-logging-3.6.1.Final.jar;C:\Users\User\.m2\repository\org\hibernate\common\hibernate-commons-annotations\7.0.3.Final\hibernate-commons-annotations-7.0.3.Final.jar;C:\Users\User\.m2\repository\io\smallrye\jandex\3.2.0\jandex-3.2.0.jar;C:\Users\User\.m2\repository\com\fasterxml\classmate\1.7.0\classmate-1.7.0.jar;C:\Users\User\.m2\repository\org\glassfish\jaxb\jaxb-runtime\4.0.5\jaxb-runtime-4.0.5.jar;C:\Users\User\.m2\repository\org\glassfish\jaxb\jaxb-core\4.0.5\jaxb-core-4.0.5.jar;C:\Users\User\.m2\repository\org\eclipse\angus\angus-activation\2.0.2\angus-activation-2.0.2.jar;C:\Users\User\.m2\repository\org\glassfish\jaxb\txw2\4.0.5\txw2-4.0.5.jar;C:\Users\User\.m2\repository\com\sun\istack\istack-commons-runtime\4.1.2\istack-commons-runtime-4.1.2.jar;C:\Users\User\.m2\repository\jakarta\inject\jakarta.inject-api\2.0.1\jakarta.inject-api-2.0.1.jar;C:\Users\User\.m2\repository\org\antlr\antlr4-runtime\4.13.0\antlr4-runtime-4.13.0.jar;C:\Users\User\.m2\repository\org\springframework\data\spring-data-jpa\3.4.0\spring-data-jpa-3.4.0.jar;C:\Users\User\.m2\repository\org\springframework\data\spring-data-commons\3.4.0\spring-data-commons-3.4.0.jar;C:\Users\User\.m2\repository\org\springframework\spring-orm\6.2.0\spring-orm-6.2.0.jar;C:\Users\User\.m2\repository\org\springframework\spring-tx\6.2.0\spring-tx-6.2.0.jar;C:\Users\User\.m2\repository\org\springframework\spring-beans\6.2.0\spring-beans-6.2.0.jar;C:\Users\User\.m2\repository\org\springframework\spring-aspects\6.2.0\spring-aspects-6.2.0.jar;C:\Users\User\.m2\repository\org\aspectj\aspectjweaver\1.9.22.1\aspectjweaver-1.9.22.1.jar;C:\Users\User\.m2\repository\org\springframework\boot\spring-boot-starter-web\3.4.0\spring-boot-starter-web-3.4.0.jar;C:\Users\User\.m2\repository\org\springframework\boot\spring-boot-starter-json\3.4.0\spring-boot-starter-json-3.4.0.jar;C:\Users\User\.m2\repository\com\fasterxml\jackson\core\jackson-databind\2.18.1\jackson-databind-2.18.1.jar;C:\Users\User\.m2\repository\com\fasterxml\jackson\core\jackson-core\2.18.1\jackson-core-2.18.1.jar;C:\Users\User\.m2\repository\com\fasterxml\jackson\datatype\jackson-datatype-jdk8\2.18.1\jackson-datatype-jdk8-2.18.1.jar;C:\Users\User\.m2\repository\com\fasterxml\jackson\datatype\jackson-datatype-jsr310\2.18.1\jackson-datatype-jsr310-2.18.1.jar;C:\Users\User\.m2\repository\com\fasterxml\jackson\module\jackson-module-parameter-names\2.18.1\jackson-module-parameter-names-2.18.1.jar;C:\Users\User\.m2\repository\org\springframework\boot\spring-boot-starter-tomcat\3.4.0\spring-boot-starter-tomcat-3.4.0.jar;C:\Users\User\.m2\repository\org\apache\tomcat\embed\tomcat-embed-core\10.1.33\tomcat-embed-core-10.1.33.jar;C:\Users\User\.m2\repository\org\apache\tomcat\embed\tomcat-embed-el\10.1.33\tomcat-embed-el-10.1.33.jar;C:\Users\User\.m2\repository\org\apache\tomcat\embed\tomcat-embed-websocket\10.1.33\tomcat-embed-websocket-10.1.33.jar;C:\Users\User\.m2\repository\org\springframework\spring-web\6.2.0\spring-web-6.2.0.jar;C:\Users\User\.m2\repository\io\micrometer\micrometer-observation\1.14.1\micrometer-observation-1.14.1.jar;C:\Users\User\.m2\repository\io\micrometer\micrometer-commons\1.14.1\micrometer-commons-1.14.1.jar;C:\Users\User\.m2\repository\org\springframework\spring-webmvc\6.2.0\spring-webmvc-6.2.0.jar;C:\Users\User\.m2\repository\org\springframework\spring-expression\6.2.0\spring-expression-6.2.0.jar;C:\Users\User\.m2\repository\org\springframework\boot\spring-boot-starter-thymeleaf\3.4.0\spring-boot-starter-thymeleaf-3.4.0.jar;C:\Users\User\.m2\repository\org\thymeleaf\thymeleaf-spring6\3.1.2.RELEASE\thymeleaf-spring6-3.1.2.RELEASE.jar;C:\Users\User\.m2\repository\org\thymeleaf\thymeleaf\3.1.2.RELEASE\thymeleaf-3.1.2.RELEASE.jar;C:\Users\User\.m2\repository\org\attoparser\attoparser\2.0.7.RELEASE\attoparser-2.0.7.RELEASE.jar;C:\Users\User\.m2\repository\org\unbescape\unbescape\1.1.6.RELEASE\unbescape-1.1.6.RELEASE.jar;C:\Users\User\.m2\repository\org\springframework\boot\spring-boot-starter-data-rest\3.4.0\spring-boot-starter-data-rest-3.4.0.jar;C:\Users\User\.m2\repository\org\springframework\data\spring-data-rest-webmvc\4.4.0\spring-data-rest-webmvc-4.4.0.jar;C:\Users\User\.m2\repository\org\springframework\data\spring-data-rest-core\4.4.0\spring-data-rest-core-4.4.0.jar;C:\Users\User\.m2\repository\org\atteo\evo-inflector\1.3\evo-inflector-1.3.jar;C:\Users\User\.m2\repository\com\fasterxml\jackson\core\jackson-annotations\2.18.1\jackson-annotations-2.18.1.jar;C:\Users\User\.m2\repository\org\springframework\boot\spring-boot-starter-hateoas\3.4.0\spring-boot-starter-hateoas-3.4.0.jar;C:\Users\User\.m2\repository\org\springframework\hateoas\spring-hateoas\2.4.0\spring-hateoas-2.4.0.jar;C:\Users\User\.m2\repository\org\springframework\plugin\spring-plugin-core\3.0.0\spring-plugin-core-3.0.0.jar;C:\Users\User\.m2\repository\org\springdoc\springdoc-openapi-starter-webmvc-ui\2.6.0\springdoc-openapi-starter-webmvc-ui-2.6.0.jar;C:\Users\User\.m2\repository\org\springdoc\springdoc-openapi-starter-webmvc-api\2.6.0\springdoc-openapi-starter-webmvc-api-2.6.0.jar;C:\Users\User\.m2\repository\org\springdoc\springdoc-openapi-starter-common\2.6.0\springdoc-openapi-starter-common-2.6.0.jar;C:\Users\User\.m2\repository\io\swagger\core\v3\swagger-core-jakarta\2.2.22\swagger-core-jakarta-2.2.22.jar;C:\Users\User\.m2\repository\org\apache\commons\commons-lang3\3.17.0\commons-lang3-3.17.0.jar;C:\Users\User\.m2\repository\io\swagger\core\v3\swagger-annotations-jakarta\2.2.22\swagger-annotations-jakarta-2.2.22.jar;C:\Users\User\.m2\repository\io\swagger\core\v3\swagger-models-jakarta\2.2.22\swagger-models-jakarta-2.2.22.jar;C:\Users\User\.m2\repository\jakarta\validation\jakarta.validation-api\3.0.2\jakarta.validation-api-3.0.2.jar;C:\Users\User\.m2\repository\com\fasterxml\jackson\dataformat\jackson-dataformat-yaml\2.18.1\jackson-dataformat-yaml-2.18.1.jar;C:\Users\User\.m2\repository\org\webjars\swagger-ui\5.17.14\swagger-ui-5.17.14.jar;C:\Users\User\.m2\repository\org\springframework\boot\spring-boot-starter-security\3.3.5\spring-boot-starter-security-3.3.5.jar;C:\Users\User\.m2\repository\org\springframework\spring-aop\6.2.0\spring-aop-6.2.0.jar;C:\Users\User\.m2\repository\org\springframework\security\spring-security-config\6.4.1\spring-security-config-6.4.1.jar;C:\Users\User\.m2\repository\org\springframework\security\spring-security-core\6.4.1\spring-security-core-6.4.1.jar;C:\Users\User\.m2\repository\org\springframework\security\spring-security-crypto\6.4.1\spring-security-crypto-6.4.1.jar;C:\Users\User\.m2\repository\org\springframework\security\spring-security-web\6.4.1\spring-security-web-6.4.1.jar;C:\Users\User\.m2\repository\org\postgresql\postgresql\42.7.4\postgresql-42.7.4.jar;C:\Users\User\.m2\repository\org\checkerframework\checker-qual\3.42.0\checker-qual-3.42.0.jar
Launcher Type: SUN_STANDARD

[Global flags]
     intx CICompilerCount                          = 3                                         {product} {ergonomic}
     uint ConcGCThreads                            = 1                                         {product} {ergonomic}
     uint G1ConcRefinementThreads                  = 4                                         {product} {ergonomic}
   size_t G1HeapRegionSize                         = 1048576                                   {product} {ergonomic}
    uintx GCDrainStackTargetSize                   = 64                                        {product} {ergonomic}
   size_t InitialHeapSize                          = 132120576                                 {product} {ergonomic}
   size_t MarkStackSize                            = 4194304                                   {product} {ergonomic}
   size_t MaxHeapSize                              = 2105540608                                {product} {ergonomic}
   size_t MaxNewSize                               = 1262485504                                {product} {ergonomic}
   size_t MinHeapDeltaBytes                        = 1048576                                   {product} {ergonomic}
   size_t MinHeapSize                              = 8388608                                   {product} {ergonomic}
    uintx NonNMethodCodeHeapSize                   = 5832780                                {pd product} {ergonomic}
    uintx NonProfiledCodeHeapSize                  = 122912730                              {pd product} {ergonomic}
    uintx ProfiledCodeHeapSize                     = 122912730                              {pd product} {ergonomic}
    uintx ReservedCodeCacheSize                    = 251658240                              {pd product} {ergonomic}
     bool SegmentedCodeCache                       = true                                      {product} {ergonomic}
   size_t SoftMaxHeapSize                          = 2105540608                             {manageable} {ergonomic}
     bool UseCompressedOops                        = true                           {product lp64_product} {ergonomic}
     bool UseG1GC                                  = true                                      {product} {ergonomic}
     bool UseLargePagesIndividualAllocation        = false                                  {pd product} {ergonomic}

Logging:
Log output configuration:
 #0: stdout all=warning uptime,level,tags foldmultilines=false
 #1: stderr all=off uptime,level,tags foldmultilines=false

Environment Variables:
PATH=C:\Program Files\Common Files\Oracle\Java\javapath;C:\Program Files (x86)\Intel\oneAPI\tbb\latest\redist\intel64\vc_mt\;C:\Program Files (x86)\Intel\oneAPI\tbb\latest\redist\ia32\vc_mt\;C:\Program Files (x86)\Intel\oneAPI\compiler\latest\windows\redist\intel64_win\compiler;C:\Program Files (x86)\Intel\oneAPI\compiler\latest\windows\redist\ia32_win\compiler;C:\Windows\system32;C:\Windows;C:\Windows\System32\Wbem;C:\Windows\System32\WindowsPowerShell\v1.0\;C:\Windows\System32\OpenSSH\;C:\Program Files\nodejs\;C:\Program Files (x86)\Microsoft SQL Server\160\Tools\Binn\;C:\Program Files\Microsoft SQL Server\160\Tools\Binn\;C:\Program Files\Microsoft SQL Server\Client SDK\ODBC\170\Tools\Binn\;C:\Program Files\Microsoft SQL Server\160\DTS\Binn\;C:\Program Files\Git\cmd;C:\Users\User\AppData\Local\Programs\Python\Python312\Scripts\;C:\Users\User\AppData\Local\Programs\Python\Python312\;C:\Users\User\AppData\Local\Microsoft\WindowsApps;C:\Users\User\AppData\Local\Programs\Microsoft VS Code\bin;C:\Users\User\AppData\Roaming\npm;C:\Program Files\JetBrains\IntelliJ IDEA 2023.2.2\bin;;C:\ProgramData\User\GitHubDesktop\bin;C:\Users\User\AppData\Local\Microsoft\WindowsApps\python.exe;
USERNAME=User
OS=Windows_NT
PROCESSOR_IDENTIFIER=Intel64 Family 6 Model 142 Stepping 12, GenuineIntel
TMP=C:\Users\User\AppData\Local\Temp
TEMP=C:\Users\User\AppData\Local\Temp




---------------  S Y S T E M  ---------------

OS:
 Windows 10 , 64 bit Build 19041 (10.0.19041.5072)
OS uptime: 12 days 21:30 hours

CPU: total 4 (initial active 4) (2 cores per cpu, 2 threads per core) family 6 model 142 stepping 12 microcode 0xde, cx8, cmov, fxsr, ht, mmx, 3dnowpref, sse, sse2, sse3, ssse3, sse4.1, sse4.2, popcnt, lzcnt, tsc, tscinvbit, avx, avx2, aes, erms, clmul, bmi1, bmi2, adx, fma, vzeroupper, clflush, clflushopt, rdtscp, f16c
Processor Information for all 4 processors :
  Max Mhz: 2592, Current Mhz: 2592, Mhz Limit: 2073

Memory: 4k page, system-wide physical 8025M (329M free)
TotalPageFile size 23385M (AvailPageFile size 0M)
current process WorkingSet (physical memory assigned to process): 399M, peak: 401M
current process commit charge ("private bytes"): 424M, peak: 435M

vm_info: Java HotSpot(TM) 64-Bit Server VM (21+35-LTS-2513) for windows-amd64 JRE (21+35-LTS-2513), built on 2023-08-09T20:25:10Z by "mach5one" with MS VC++ 17.1 (VS2022)

END.
